                           1 ;**********************************************************
                           2 ;  Microchip Enhanced PIC16F1xxx C Compiler (CC16E), v1.00
                           3 ;  Mon Dec 04 17:19:05 2023
                           4 ;**********************************************************
                           5 
                           6 	.device	"pic16e"
                           7 
                           8 
                           9 	.segment	CONSTi (REL) arialNarrow_32x19_Bitmaps
                          10 arialNarrow_32x19_Bitmaps::
00000: 0x3400             11 	retlw	0
00001: 0x3400             12 	retlw	0
00002: 0x34E0             13 	retlw	224
00003: 0x34F8             14 	retlw	248
00004: 0x34FC             15 	retlw	252
00005: 0x34FE             16 	retlw	254
00006: 0x34FE             17 	retlw	254
00007: 0x343F             18 	retlw	63
00008: 0x341F             19 	retlw	31
00009: 0x341F             20 	retlw	31
0000A: 0x341F             21 	retlw	31
0000B: 0x343F             22 	retlw	63
0000C: 0x34FE             23 	retlw	254
0000D: 0x34FE             24 	retlw	254
0000E: 0x34FC             25 	retlw	252
0000F: 0x34F8             26 	retlw	248
00010: 0x34E0             27 	retlw	224
00011: 0x3400             28 	retlw	0
00012: 0x3400             29 	retlw	0
00013: 0x3400             30 	retlw	0
00014: 0x34FE             31 	retlw	254
00015: 0x34FF             32 	retlw	255
00016: 0x34FF             33 	retlw	255
00017: 0x34FF             34 	retlw	255
00018: 0x34FF             35 	retlw	255
00019: 0x3400             36 	retlw	0
0001A: 0x3400             37 	retlw	0
0001B: 0x3400             38 	retlw	0
0001C: 0x3400             39 	retlw	0
0001D: 0x3400             40 	retlw	0
0001E: 0x3400             41 	retlw	0
0001F: 0x3400             42 	retlw	0
00020: 0x34FF             43 	retlw	255
00021: 0x34FF             44 	retlw	255
00022: 0x34FF             45 	retlw	255
00023: 0x34FF             46 	retlw	255
00024: 0x34FE             47 	retlw	254
00025: 0x3400             48 	retlw	0
00026: 0x3400             49 	retlw	0
00027: 0x347F             50 	retlw	127
00028: 0x34FF             51 	retlw	255
00029: 0x34FF             52 	retlw	255
0002A: 0x34FF             53 	retlw	255
0002B: 0x34FF             54 	retlw	255
0002C: 0x3400             55 	retlw	0
0002D: 0x3400             56 	retlw	0
0002E: 0x3400             57 	retlw	0
0002F: 0x3400             58 	retlw	0
00030: 0x3400             59 	retlw	0
00031: 0x3400             60 	retlw	0
00032: 0x3400             61 	retlw	0
00033: 0x34FF             62 	retlw	255
00034: 0x34FF             63 	retlw	255
00035: 0x34FF             64 	retlw	255
00036: 0x34FF             65 	retlw	255
00037: 0x347F             66 	retlw	127
00038: 0x3400             67 	retlw	0
00039: 0x3400             68 	retlw	0
0003A: 0x3400             69 	retlw	0
0003B: 0x3407             70 	retlw	7
0003C: 0x341F             71 	retlw	31
0003D: 0x343F             72 	retlw	63
0003E: 0x347F             73 	retlw	127
0003F: 0x347F             74 	retlw	127
00040: 0x34FC             75 	retlw	252
00041: 0x34F8             76 	retlw	248
00042: 0x34F8             77 	retlw	248
00043: 0x34F8             78 	retlw	248
00044: 0x34FC             79 	retlw	252
00045: 0x347F             80 	retlw	127
00046: 0x347F             81 	retlw	127
00047: 0x343F             82 	retlw	63
00048: 0x341F             83 	retlw	31
00049: 0x3407             84 	retlw	7
0004A: 0x3400             85 	retlw	0
0004B: 0x3400             86 	retlw	0
0004C: 0x3400             87 	retlw	0
0004D: 0x3400             88 	retlw	0
0004E: 0x3400             89 	retlw	0
0004F: 0x3400             90 	retlw	0
00050: 0x3480             91 	retlw	128
00051: 0x3480             92 	retlw	128
00052: 0x34C0             93 	retlw	192
00053: 0x34F0             94 	retlw	240
00054: 0x34F8             95 	retlw	248
00055: 0x34FE             96 	retlw	254
00056: 0x34FF             97 	retlw	255
00057: 0x34FF             98 	retlw	255
00058: 0x34FF             99 	retlw	255
00059: 0x34FF            100 	retlw	255
0005A: 0x3400            101 	retlw	0
0005B: 0x3400            102 	retlw	0
0005C: 0x3400            103 	retlw	0
0005D: 0x3400            104 	retlw	0
0005E: 0x3400            105 	retlw	0
0005F: 0x3400            106 	retlw	0
00060: 0x3400            107 	retlw	0
00061: 0x343E            108 	retlw	62
00062: 0x341F            109 	retlw	31
00063: 0x341F            110 	retlw	31
00064: 0x340F            111 	retlw	15
00065: 0x3407            112 	retlw	7
00066: 0x3407            113 	retlw	7
00067: 0x3403            114 	retlw	3
00068: 0x34FF            115 	retlw	255
00069: 0x34FF            116 	retlw	255
0006A: 0x34FF            117 	retlw	255
0006B: 0x34FF            118 	retlw	255
0006C: 0x34FF            119 	retlw	255
0006D: 0x3400            120 	retlw	0
0006E: 0x3400            121 	retlw	0
0006F: 0x3400            122 	retlw	0
00070: 0x3400            123 	retlw	0
00071: 0x3400            124 	retlw	0
00072: 0x3400            125 	retlw	0
00073: 0x3400            126 	retlw	0
00074: 0x3400            127 	retlw	0
00075: 0x3400            128 	retlw	0
00076: 0x3400            129 	retlw	0
00077: 0x3400            130 	retlw	0
00078: 0x3400            131 	retlw	0
00079: 0x3400            132 	retlw	0
0007A: 0x3400            133 	retlw	0
0007B: 0x34FF            134 	retlw	255
0007C: 0x34FF            135 	retlw	255
0007D: 0x34FF            136 	retlw	255
0007E: 0x34FF            137 	retlw	255
0007F: 0x34FF            138 	retlw	255
00080: 0x3400            139 	retlw	0
00081: 0x3400            140 	retlw	0
00082: 0x3400            141 	retlw	0
00083: 0x3400            142 	retlw	0
00084: 0x3400            143 	retlw	0
00085: 0x3400            144 	retlw	0
00086: 0x3400            145 	retlw	0
00087: 0x3400            146 	retlw	0
00088: 0x3400            147 	retlw	0
00089: 0x3400            148 	retlw	0
0008A: 0x3400            149 	retlw	0
0008B: 0x3400            150 	retlw	0
0008C: 0x3400            151 	retlw	0
0008D: 0x3400            152 	retlw	0
0008E: 0x34FF            153 	retlw	255
0008F: 0x34FF            154 	retlw	255
00090: 0x34FF            155 	retlw	255
00091: 0x34FF            156 	retlw	255
00092: 0x34FF            157 	retlw	255
00093: 0x3400            158 	retlw	0
00094: 0x3400            159 	retlw	0
00095: 0x3400            160 	retlw	0
00096: 0x3400            161 	retlw	0
00097: 0x3400            162 	retlw	0
00098: 0x3400            163 	retlw	0
00099: 0x34C0            164 	retlw	192
0009A: 0x34F0            165 	retlw	240
0009B: 0x34FC            166 	retlw	252
0009C: 0x34FC            167 	retlw	252
0009D: 0x34FE            168 	retlw	254
0009E: 0x347F            169 	retlw	127
0009F: 0x343F            170 	retlw	63
000A0: 0x341F            171 	retlw	31
000A1: 0x341F            172 	retlw	31
000A2: 0x341F            173 	retlw	31
000A3: 0x343F            174 	retlw	63
000A4: 0x347F            175 	retlw	127
000A5: 0x34FE            176 	retlw	254
000A6: 0x34FE            177 	retlw	254
000A7: 0x34FC            178 	retlw	252
000A8: 0x34F0            179 	retlw	240
000A9: 0x34C0            180 	retlw	192
000AA: 0x3400            181 	retlw	0
000AB: 0x3400            182 	retlw	0
000AC: 0x3401            183 	retlw	1
000AD: 0x3401            184 	retlw	1
000AE: 0x3403            185 	retlw	3
000AF: 0x3403            186 	retlw	3
000B0: 0x3403            187 	retlw	3
000B1: 0x3400            188 	retlw	0
000B2: 0x3400            189 	retlw	0
000B3: 0x3400            190 	retlw	0
000B4: 0x3400            191 	retlw	0
000B5: 0x3480            192 	retlw	128
000B6: 0x34C0            193 	retlw	192
000B7: 0x34F0            194 	retlw	240
000B8: 0x34FF            195 	retlw	255
000B9: 0x34FF            196 	retlw	255
000BA: 0x34FF            197 	retlw	255
000BB: 0x347F            198 	retlw	127
000BC: 0x341F            199 	retlw	31
000BD: 0x3400            200 	retlw	0
000BE: 0x3400            201 	retlw	0
000BF: 0x3400            202 	retlw	0
000C0: 0x3400            203 	retlw	0
000C1: 0x3480            204 	retlw	128
000C2: 0x34C0            205 	retlw	192
000C3: 0x34E0            206 	retlw	224
000C4: 0x34F8            207 	retlw	248
000C5: 0x34FC            208 	retlw	252
000C6: 0x34FE            209 	retlw	254
000C7: 0x34FF            210 	retlw	255
000C8: 0x347F            211 	retlw	127
000C9: 0x343F            212 	retlw	63
000CA: 0x341F            213 	retlw	31
000CB: 0x340F            214 	retlw	15
000CC: 0x3407            215 	retlw	7
000CD: 0x3401            216 	retlw	1
000CE: 0x3400            217 	retlw	0
000CF: 0x3400            218 	retlw	0
000D0: 0x3400            219 	retlw	0
000D1: 0x34E0            220 	retlw	224
000D2: 0x34FC            221 	retlw	252
000D3: 0x34FE            222 	retlw	254
000D4: 0x34FF            223 	retlw	255
000D5: 0x34FF            224 	retlw	255
000D6: 0x34FF            225 	retlw	255
000D7: 0x34FF            226 	retlw	255
000D8: 0x34FF            227 	retlw	255
000D9: 0x34FB            228 	retlw	251
000DA: 0x34F8            229 	retlw	248
000DB: 0x34F8            230 	retlw	248
000DC: 0x34F8            231 	retlw	248
000DD: 0x34F8            232 	retlw	248
000DE: 0x34F8            233 	retlw	248
000DF: 0x34F8            234 	retlw	248
000E0: 0x34F8            235 	retlw	248
000E1: 0x34F8            236 	retlw	248
000E2: 0x34F8            237 	retlw	248
000E3: 0x3400            238 	retlw	0
000E4: 0x3400            239 	retlw	0
000E5: 0x34C0            240 	retlw	192
000E6: 0x34F0            241 	retlw	240
000E7: 0x34FC            242 	retlw	252
000E8: 0x34FE            243 	retlw	254
000E9: 0x34FE            244 	retlw	254
000EA: 0x347F            245 	retlw	127
000EB: 0x343F            246 	retlw	63
000EC: 0x341F            247 	retlw	31
000ED: 0x341F            248 	retlw	31
000EE: 0x341F            249 	retlw	31
000EF: 0x343F            250 	retlw	63
000F0: 0x34FE            251 	retlw	254
000F1: 0x34FE            252 	retlw	254
000F2: 0x34FC            253 	retlw	252
000F3: 0x34F8            254 	retlw	248
000F4: 0x34E0            255 	retlw	224
000F5: 0x3400            256 	retlw	0
000F6: 0x3400            257 	retlw	0
000F7: 0x3400            258 	retlw	0
000F8: 0x3400            259 	retlw	0
000F9: 0x3400            260 	retlw	0
000FA: 0x3401            261 	retlw	1
000FB: 0x3401            262 	retlw	1
000FC: 0x3401            263 	retlw	1
000FD: 0x3400            264 	retlw	0
000FE: 0x34F0            265 	retlw	240
000FF: 0x34F0            266 	retlw	240
00100: 0x34F0            267 	retlw	240
00101: 0x34F8            268 	retlw	248
00102: 0x34FC            269 	retlw	252
00103: 0x34FF            270 	retlw	255
00104: 0x34BF            271 	retlw	191
00105: 0x34BF            272 	retlw	191
00106: 0x340F            273 	retlw	15
00107: 0x3407            274 	retlw	7
00108: 0x3400            275 	retlw	0
00109: 0x3400            276 	retlw	0
0010A: 0x3400            277 	retlw	0
0010B: 0x3480            278 	retlw	128
0010C: 0x3480            279 	retlw	128
0010D: 0x34C0            280 	retlw	192
0010E: 0x34C0            281 	retlw	192
0010F: 0x34C0            282 	retlw	192
00110: 0x3400            283 	retlw	0
00111: 0x3401            284 	retlw	1
00112: 0x3401            285 	retlw	1
00113: 0x3401            286 	retlw	1
00114: 0x3401            287 	retlw	1
00115: 0x3403            288 	retlw	3
00116: 0x3407            289 	retlw	7
00117: 0x34FF            290 	retlw	255
00118: 0x34FF            291 	retlw	255
00119: 0x34FF            292 	retlw	255
0011A: 0x34FE            293 	retlw	254
0011B: 0x34F8            294 	retlw	248
0011C: 0x3400            295 	retlw	0
0011D: 0x3400            296 	retlw	0
0011E: 0x3403            297 	retlw	3
0011F: 0x340F            298 	retlw	15
00120: 0x341F            299 	retlw	31
00121: 0x343F            300 	retlw	63
00122: 0x347F            301 	retlw	127
00123: 0x347F            302 	retlw	127
00124: 0x34FC            303 	retlw	252
00125: 0x34F8            304 	retlw	248
00126: 0x34F8            305 	retlw	248
00127: 0x34F8            306 	retlw	248
00128: 0x34FC            307 	retlw	252
00129: 0x347E            308 	retlw	126
0012A: 0x347F            309 	retlw	127
0012B: 0x343F            310 	retlw	63
0012C: 0x341F            311 	retlw	31
0012D: 0x340F            312 	retlw	15
0012E: 0x3403            313 	retlw	3
0012F: 0x3400            314 	retlw	0
00130: 0x3400            315 	retlw	0
00131: 0x3400            316 	retlw	0
00132: 0x3400            317 	retlw	0
00133: 0x3400            318 	retlw	0
00134: 0x3400            319 	retlw	0
00135: 0x3400            320 	retlw	0
00136: 0x3400            321 	retlw	0
00137: 0x3480            322 	retlw	128
00138: 0x34C0            323 	retlw	192
00139: 0x34F0            324 	retlw	240
0013A: 0x34FC            325 	retlw	252
0013B: 0x34FF            326 	retlw	255
0013C: 0x34FF            327 	retlw	255
0013D: 0x34FF            328 	retlw	255
0013E: 0x34FF            329 	retlw	255
0013F: 0x34FF            330 	retlw	255
00140: 0x3400            331 	retlw	0
00141: 0x3400            332 	retlw	0
00142: 0x3400            333 	retlw	0
00143: 0x3400            334 	retlw	0
00144: 0x3400            335 	retlw	0
00145: 0x3400            336 	retlw	0
00146: 0x3480            337 	retlw	128
00147: 0x34E0            338 	retlw	224
00148: 0x34F8            339 	retlw	248
00149: 0x34FE            340 	retlw	254
0014A: 0x34FF            341 	retlw	255
0014B: 0x343F            342 	retlw	63
0014C: 0x340F            343 	retlw	15
0014D: 0x3407            344 	retlw	7
0014E: 0x34FF            345 	retlw	255
0014F: 0x34FF            346 	retlw	255
00150: 0x34FF            347 	retlw	255
00151: 0x34FF            348 	retlw	255
00152: 0x34FF            349 	retlw	255
00153: 0x3400            350 	retlw	0
00154: 0x3400            351 	retlw	0
00155: 0x3400            352 	retlw	0
00156: 0x34F0            353 	retlw	240
00157: 0x34FC            354 	retlw	252
00158: 0x34FE            355 	retlw	254
00159: 0x34FF            356 	retlw	255
0015A: 0x34FF            357 	retlw	255
0015B: 0x34EF            358 	retlw	239
0015C: 0x34E3            359 	retlw	227
0015D: 0x34E0            360 	retlw	224
0015E: 0x34E0            361 	retlw	224
0015F: 0x34E0            362 	retlw	224
00160: 0x34E0            363 	retlw	224
00161: 0x34FF            364 	retlw	255
00162: 0x34FF            365 	retlw	255
00163: 0x34FF            366 	retlw	255
00164: 0x34FF            367 	retlw	255
00165: 0x34FF            368 	retlw	255
00166: 0x34E0            369 	retlw	224
00167: 0x34E0            370 	retlw	224
00168: 0x34E0            371 	retlw	224
00169: 0x3403            372 	retlw	3
0016A: 0x3403            373 	retlw	3
0016B: 0x3403            374 	retlw	3
0016C: 0x3403            375 	retlw	3
0016D: 0x3403            376 	retlw	3
0016E: 0x3403            377 	retlw	3
0016F: 0x3403            378 	retlw	3
00170: 0x3403            379 	retlw	3
00171: 0x3403            380 	retlw	3
00172: 0x3403            381 	retlw	3
00173: 0x3403            382 	retlw	3
00174: 0x34FF            383 	retlw	255
00175: 0x34FF            384 	retlw	255
00176: 0x34FF            385 	retlw	255
00177: 0x34FF            386 	retlw	255
00178: 0x34FF            387 	retlw	255
00179: 0x3403            388 	retlw	3
0017A: 0x3403            389 	retlw	3
0017B: 0x3403            390 	retlw	3
0017C: 0x3400            391 	retlw	0
0017D: 0x3400            392 	retlw	0
0017E: 0x3400            393 	retlw	0
0017F: 0x3480            394 	retlw	128
00180: 0x34FC            395 	retlw	252
00181: 0x34FF            396 	retlw	255
00182: 0x34FF            397 	retlw	255
00183: 0x34FF            398 	retlw	255
00184: 0x34FF            399 	retlw	255
00185: 0x341F            400 	retlw	31
00186: 0x341F            401 	retlw	31
00187: 0x341F            402 	retlw	31
00188: 0x341F            403 	retlw	31
00189: 0x341F            404 	retlw	31
0018A: 0x341F            405 	retlw	31
0018B: 0x341F            406 	retlw	31
0018C: 0x341F            407 	retlw	31
0018D: 0x341F            408 	retlw	31
0018E: 0x3400            409 	retlw	0
0018F: 0x3400            410 	retlw	0
00190: 0x3400            411 	retlw	0
00191: 0x3470            412 	retlw	112
00192: 0x347F            413 	retlw	127
00193: 0x34FF            414 	retlw	255
00194: 0x34FF            415 	retlw	255
00195: 0x34FF            416 	retlw	255
00196: 0x347F            417 	retlw	127
00197: 0x3438            418 	retlw	56
00198: 0x343C            419 	retlw	60
00199: 0x343E            420 	retlw	62
0019A: 0x343E            421 	retlw	62
0019B: 0x347E            422 	retlw	126
0019C: 0x34FE            423 	retlw	254
0019D: 0x34FC            424 	retlw	252
0019E: 0x34F8            425 	retlw	248
0019F: 0x34F0            426 	retlw	240
001A0: 0x34E0            427 	retlw	224
001A1: 0x3400            428 	retlw	0
001A2: 0x3400            429 	retlw	0
001A3: 0x3480            430 	retlw	128
001A4: 0x3480            431 	retlw	128
001A5: 0x34C0            432 	retlw	192
001A6: 0x34C0            433 	retlw	192
001A7: 0x34C0            434 	retlw	192
001A8: 0x3400            435 	retlw	0
001A9: 0x3400            436 	retlw	0
001AA: 0x3400            437 	retlw	0
001AB: 0x3400            438 	retlw	0
001AC: 0x3400            439 	retlw	0
001AD: 0x3400            440 	retlw	0
001AE: 0x3400            441 	retlw	0
001AF: 0x3401            442 	retlw	1
001B0: 0x34FF            443 	retlw	255
001B1: 0x34FF            444 	retlw	255
001B2: 0x34FF            445 	retlw	255
001B3: 0x34FF            446 	retlw	255
001B4: 0x34FF            447 	retlw	255
001B5: 0x3400            448 	retlw	0
001B6: 0x3403            449 	retlw	3
001B7: 0x340F            450 	retlw	15
001B8: 0x341F            451 	retlw	31
001B9: 0x343F            452 	retlw	63
001BA: 0x347F            453 	retlw	127
001BB: 0x347F            454 	retlw	127
001BC: 0x34FC            455 	retlw	252
001BD: 0x34F8            456 	retlw	248
001BE: 0x34F8            457 	retlw	248
001BF: 0x34F8            458 	retlw	248
001C0: 0x34F8            459 	retlw	248
001C1: 0x34FC            460 	retlw	252
001C2: 0x347F            461 	retlw	127
001C3: 0x347F            462 	retlw	127
001C4: 0x343F            463 	retlw	63
001C5: 0x340F            464 	retlw	15
001C6: 0x3407            465 	retlw	7
001C7: 0x3400            466 	retlw	0
001C8: 0x3400            467 	retlw	0
001C9: 0x3400            468 	retlw	0
001CA: 0x34C0            469 	retlw	192
001CB: 0x34F0            470 	retlw	240
001CC: 0x34F8            471 	retlw	248
001CD: 0x34FC            472 	retlw	252
001CE: 0x34FE            473 	retlw	254
001CF: 0x343F            474 	retlw	63
001D0: 0x341F            475 	retlw	31
001D1: 0x341F            476 	retlw	31
001D2: 0x341F            477 	retlw	31
001D3: 0x347F            478 	retlw	127
001D4: 0x34FF            479 	retlw	255
001D5: 0x34FE            480 	retlw	254
001D6: 0x34FC            481 	retlw	252
001D7: 0x34F8            482 	retlw	248
001D8: 0x34C0            483 	retlw	192
001D9: 0x3400            484 	retlw	0
001DA: 0x3400            485 	retlw	0
001DB: 0x3400            486 	retlw	0
001DC: 0x34FE            487 	retlw	254
001DD: 0x34FF            488 	retlw	255
001DE: 0x34FF            489 	retlw	255
001DF: 0x34FF            490 	retlw	255
001E0: 0x34FF            491 	retlw	255
001E1: 0x34E0            492 	retlw	224
001E2: 0x34F0            493 	retlw	240
001E3: 0x34F8            494 	retlw	248
001E4: 0x34F8            495 	retlw	248
001E5: 0x34F8            496 	retlw	248
001E6: 0x34F8            497 	retlw	248
001E7: 0x34F9            498 	retlw	249
001E8: 0x34F1            499 	retlw	241
001E9: 0x34E1            500 	retlw	225
001EA: 0x34C0            501 	retlw	192
001EB: 0x3480            502 	retlw	128
001EC: 0x3400            503 	retlw	0
001ED: 0x3400            504 	retlw	0
001EE: 0x3400            505 	retlw	0
001EF: 0x347F            506 	retlw	127
001F0: 0x34FF            507 	retlw	255
001F1: 0x34FF            508 	retlw	255
001F2: 0x34FF            509 	retlw	255
001F3: 0x34FF            510 	retlw	255
001F4: 0x3403            511 	retlw	3
001F5: 0x3401            512 	retlw	1
001F6: 0x3400            513 	retlw	0
001F7: 0x3400            514 	retlw	0
001F8: 0x3400            515 	retlw	0
001F9: 0x3401            516 	retlw	1
001FA: 0x3403            517 	retlw	3
001FB: 0x34FF            518 	retlw	255
001FC: 0x34FF            519 	retlw	255
001FD: 0x34FF            520 	retlw	255
001FE: 0x34FF            521 	retlw	255
001FF: 0x34FE            522 	retlw	254
00200: 0x3400            523 	retlw	0
00201: 0x3400            524 	retlw	0
00202: 0x3400            525 	retlw	0
00203: 0x3403            526 	retlw	3
00204: 0x340F            527 	retlw	15
00205: 0x343F            528 	retlw	63
00206: 0x347F            529 	retlw	127
00207: 0x347F            530 	retlw	127
00208: 0x34FC            531 	retlw	252
00209: 0x34F8            532 	retlw	248
0020A: 0x34F8            533 	retlw	248
0020B: 0x34F8            534 	retlw	248
0020C: 0x34FC            535 	retlw	252
0020D: 0x34FE            536 	retlw	254
0020E: 0x347F            537 	retlw	127
0020F: 0x343F            538 	retlw	63
00210: 0x341F            539 	retlw	31
00211: 0x340F            540 	retlw	15
00212: 0x3401            541 	retlw	1
00213: 0x3400            542 	retlw	0
00214: 0x3400            543 	retlw	0
00215: 0x341F            544 	retlw	31
00216: 0x341F            545 	retlw	31
00217: 0x341F            546 	retlw	31
00218: 0x341F            547 	retlw	31
00219: 0x341F            548 	retlw	31
0021A: 0x341F            549 	retlw	31
0021B: 0x341F            550 	retlw	31
0021C: 0x341F            551 	retlw	31
0021D: 0x341F            552 	retlw	31
0021E: 0x341F            553 	retlw	31
0021F: 0x34DF            554 	retlw	223
00220: 0x34FF            555 	retlw	255
00221: 0x34FF            556 	retlw	255
00222: 0x34FF            557 	retlw	255
00223: 0x34FF            558 	retlw	255
00224: 0x347F            559 	retlw	127
00225: 0x341F            560 	retlw	31
00226: 0x3400            561 	retlw	0
00227: 0x3400            562 	retlw	0
00228: 0x3400            563 	retlw	0
00229: 0x3400            564 	retlw	0
0022A: 0x3400            565 	retlw	0
0022B: 0x3400            566 	retlw	0
0022C: 0x3400            567 	retlw	0
0022D: 0x3400            568 	retlw	0
0022E: 0x34C0            569 	retlw	192
0022F: 0x34F0            570 	retlw	240
00230: 0x34FC            571 	retlw	252
00231: 0x34FF            572 	retlw	255
00232: 0x34FF            573 	retlw	255
00233: 0x347F            574 	retlw	127
00234: 0x340F            575 	retlw	15
00235: 0x3403            576 	retlw	3
00236: 0x3400            577 	retlw	0
00237: 0x3400            578 	retlw	0
00238: 0x3400            579 	retlw	0
00239: 0x3400            580 	retlw	0
0023A: 0x3400            581 	retlw	0
0023B: 0x3400            582 	retlw	0
0023C: 0x3400            583 	retlw	0
0023D: 0x3400            584 	retlw	0
0023E: 0x3400            585 	retlw	0
0023F: 0x34E0            586 	retlw	224
00240: 0x34FE            587 	retlw	254
00241: 0x34FF            588 	retlw	255
00242: 0x34FF            589 	retlw	255
00243: 0x34FF            590 	retlw	255
00244: 0x341F            591 	retlw	31
00245: 0x3401            592 	retlw	1
00246: 0x3400            593 	retlw	0
00247: 0x3400            594 	retlw	0
00248: 0x3400            595 	retlw	0
00249: 0x3400            596 	retlw	0
0024A: 0x3400            597 	retlw	0
0024B: 0x3400            598 	retlw	0
0024C: 0x3400            599 	retlw	0
0024D: 0x3400            600 	retlw	0
0024E: 0x3400            601 	retlw	0
0024F: 0x3400            602 	retlw	0
00250: 0x3400            603 	retlw	0
00251: 0x34FC            604 	retlw	252
00252: 0x34FF            605 	retlw	255
00253: 0x34FF            606 	retlw	255
00254: 0x34FF            607 	retlw	255
00255: 0x34FF            608 	retlw	255
00256: 0x3403            609 	retlw	3
00257: 0x3400            610 	retlw	0
00258: 0x3400            611 	retlw	0
00259: 0x3400            612 	retlw	0
0025A: 0x3400            613 	retlw	0
0025B: 0x3400            614 	retlw	0
0025C: 0x3400            615 	retlw	0
0025D: 0x3400            616 	retlw	0
0025E: 0x3400            617 	retlw	0
0025F: 0x3400            618 	retlw	0
00260: 0x3400            619 	retlw	0
00261: 0x3400            620 	retlw	0
00262: 0x34E0            621 	retlw	224
00263: 0x34F8            622 	retlw	248
00264: 0x34FC            623 	retlw	252
00265: 0x34FE            624 	retlw	254
00266: 0x34FE            625 	retlw	254
00267: 0x343F            626 	retlw	63
00268: 0x341F            627 	retlw	31
00269: 0x341F            628 	retlw	31
0026A: 0x341F            629 	retlw	31
0026B: 0x343F            630 	retlw	63
0026C: 0x34FF            631 	retlw	255
0026D: 0x34FE            632 	retlw	254
0026E: 0x34FC            633 	retlw	252
0026F: 0x34F8            634 	retlw	248
00270: 0x34E0            635 	retlw	224
00271: 0x3400            636 	retlw	0
00272: 0x3400            637 	retlw	0
00273: 0x3400            638 	retlw	0
00274: 0x3400            639 	retlw	0
00275: 0x3407            640 	retlw	7
00276: 0x341F            641 	retlw	31
00277: 0x34BF            642 	retlw	191
00278: 0x34FF            643 	retlw	255
00279: 0x34FF            644 	retlw	255
0027A: 0x34F8            645 	retlw	248
0027B: 0x34F0            646 	retlw	240
0027C: 0x34F0            647 	retlw	240
0027D: 0x34F0            648 	retlw	240
0027E: 0x34F8            649 	retlw	248
0027F: 0x34FF            650 	retlw	255
00280: 0x34FF            651 	retlw	255
00281: 0x34BF            652 	retlw	191
00282: 0x341F            653 	retlw	31
00283: 0x3407            654 	retlw	7
00284: 0x3400            655 	retlw	0
00285: 0x3400            656 	retlw	0
00286: 0x3400            657 	retlw	0
00287: 0x34F8            658 	retlw	248
00288: 0x34FE            659 	retlw	254
00289: 0x34FF            660 	retlw	255
0028A: 0x34FF            661 	retlw	255
0028B: 0x34FF            662 	retlw	255
0028C: 0x3407            663 	retlw	7
0028D: 0x3403            664 	retlw	3
0028E: 0x3401            665 	retlw	1
0028F: 0x3401            666 	retlw	1
00290: 0x3401            667 	retlw	1
00291: 0x3403            668 	retlw	3
00292: 0x3407            669 	retlw	7
00293: 0x34FF            670 	retlw	255
00294: 0x34FF            671 	retlw	255
00295: 0x34FF            672 	retlw	255
00296: 0x34FE            673 	retlw	254
00297: 0x34F8            674 	retlw	248
00298: 0x3400            675 	retlw	0
00299: 0x3400            676 	retlw	0
0029A: 0x3403            677 	retlw	3
0029B: 0x340F            678 	retlw	15
0029C: 0x341F            679 	retlw	31
0029D: 0x343F            680 	retlw	63
0029E: 0x347F            681 	retlw	127
0029F: 0x347E            682 	retlw	126
002A0: 0x34FC            683 	retlw	252
002A1: 0x34F8            684 	retlw	248
002A2: 0x34F8            685 	retlw	248
002A3: 0x34F8            686 	retlw	248
002A4: 0x34FC            687 	retlw	252
002A5: 0x34FE            688 	retlw	254
002A6: 0x347F            689 	retlw	127
002A7: 0x343F            690 	retlw	63
002A8: 0x341F            691 	retlw	31
002A9: 0x340F            692 	retlw	15
002AA: 0x3403            693 	retlw	3
002AB: 0x3400            694 	retlw	0
002AC: 0x3480            695 	retlw	128
002AD: 0x34F0            696 	retlw	240
002AE: 0x34F8            697 	retlw	248
002AF: 0x34FC            698 	retlw	252
002B0: 0x34FE            699 	retlw	254
002B1: 0x347E            700 	retlw	126
002B2: 0x343F            701 	retlw	63
002B3: 0x341F            702 	retlw	31
002B4: 0x341F            703 	retlw	31
002B5: 0x341F            704 	retlw	31
002B6: 0x341F            705 	retlw	31
002B7: 0x343E            706 	retlw	62
002B8: 0x34FE            707 	retlw	254
002B9: 0x34FC            708 	retlw	252
002BA: 0x34F8            709 	retlw	248
002BB: 0x34F0            710 	retlw	240
002BC: 0x34C0            711 	retlw	192
002BD: 0x3400            712 	retlw	0
002BE: 0x3400            713 	retlw	0
002BF: 0x347F            714 	retlw	127
002C0: 0x34FF            715 	retlw	255
002C1: 0x34FF            716 	retlw	255
002C2: 0x34FF            717 	retlw	255
002C3: 0x34FF            718 	retlw	255
002C4: 0x34C0            719 	retlw	192
002C5: 0x3480            720 	retlw	128
002C6: 0x3400            721 	retlw	0
002C7: 0x3400            722 	retlw	0
002C8: 0x3400            723 	retlw	0
002C9: 0x3400            724 	retlw	0
002CA: 0x3480            725 	retlw	128
002CB: 0x34C0            726 	retlw	192
002CC: 0x34FF            727 	retlw	255
002CD: 0x34FF            728 	retlw	255
002CE: 0x34FF            729 	retlw	255
002CF: 0x34FF            730 	retlw	255
002D0: 0x34FE            731 	retlw	254
002D1: 0x3400            732 	retlw	0
002D2: 0x3400            733 	retlw	0
002D3: 0x3401            734 	retlw	1
002D4: 0x3403            735 	retlw	3
002D5: 0x3487            736 	retlw	135
002D6: 0x348F            737 	retlw	143
002D7: 0x348F            738 	retlw	143
002D8: 0x341F            739 	retlw	31
002D9: 0x341F            740 	retlw	31
002DA: 0x341F            741 	retlw	31
002DB: 0x341F            742 	retlw	31
002DC: 0x341F            743 	retlw	31
002DD: 0x340F            744 	retlw	15
002DE: 0x3407            745 	retlw	7
002DF: 0x34FF            746 	retlw	255
002E0: 0x34FF            747 	retlw	255
002E1: 0x34FF            748 	retlw	255
002E2: 0x34FF            749 	retlw	255
002E3: 0x343F            750 	retlw	63
002E4: 0x3400            751 	retlw	0
002E5: 0x3400            752 	retlw	0
002E6: 0x3403            753 	retlw	3
002E7: 0x341F            754 	retlw	31
002E8: 0x343F            755 	retlw	63
002E9: 0x347F            756 	retlw	127
002EA: 0x347F            757 	retlw	127
002EB: 0x34FE            758 	retlw	254
002EC: 0x34F8            759 	retlw	248
002ED: 0x34F8            760 	retlw	248
002EE: 0x34F8            761 	retlw	248
002EF: 0x34F8            762 	retlw	248
002F0: 0x347C            763 	retlw	124
002F1: 0x347F            764 	retlw	127
002F2: 0x343F            765 	retlw	63
002F3: 0x341F            766 	retlw	31
002F4: 0x340F            767 	retlw	15
002F5: 0x3403            768 	retlw	3
002F6: 0x3400            769 	retlw	0
002F7: 0x3400            770 	retlw	0
                         771 
                         772 	.segment	CONSTi (REL) arialNarrow_32x19_Blank
                         773 arialNarrow_32x19_Blank::
00000: 0x3400            774 	retlw	0
00001: 0x3400            775 	retlw	0
00002: 0x3400            776 	retlw	0
00003: 0x3400            777 	retlw	0
00004: 0x3400            778 	retlw	0
00005: 0x3400            779 	retlw	0
00006: 0x3400            780 	retlw	0
00007: 0x3400            781 	retlw	0
00008: 0x3400            782 	retlw	0
00009: 0x3400            783 	retlw	0
0000A: 0x3400            784 	retlw	0
0000B: 0x3400            785 	retlw	0
0000C: 0x3400            786 	retlw	0
0000D: 0x3400            787 	retlw	0
0000E: 0x3400            788 	retlw	0
0000F: 0x3400            789 	retlw	0
00010: 0x3400            790 	retlw	0
00011: 0x3400            791 	retlw	0
00012: 0x3400            792 	retlw	0
00013: 0x3400            793 	retlw	0
00014: 0x3400            794 	retlw	0
00015: 0x3400            795 	retlw	0
00016: 0x3400            796 	retlw	0
00017: 0x3400            797 	retlw	0
00018: 0x3400            798 	retlw	0
00019: 0x3400            799 	retlw	0
0001A: 0x3400            800 	retlw	0
0001B: 0x3400            801 	retlw	0
0001C: 0x3400            802 	retlw	0
0001D: 0x3400            803 	retlw	0
0001E: 0x3400            804 	retlw	0
0001F: 0x3400            805 	retlw	0
00020: 0x3400            806 	retlw	0
00021: 0x3400            807 	retlw	0
00022: 0x3400            808 	retlw	0
00023: 0x3400            809 	retlw	0
00024: 0x3400            810 	retlw	0
00025: 0x3400            811 	retlw	0
00026: 0x3400            812 	retlw	0
00027: 0x3400            813 	retlw	0
00028: 0x3400            814 	retlw	0
00029: 0x3400            815 	retlw	0
0002A: 0x3400            816 	retlw	0
0002B: 0x3400            817 	retlw	0
0002C: 0x3400            818 	retlw	0
0002D: 0x3400            819 	retlw	0
0002E: 0x3400            820 	retlw	0
0002F: 0x3400            821 	retlw	0
00030: 0x3400            822 	retlw	0
00031: 0x3400            823 	retlw	0
00032: 0x3400            824 	retlw	0
00033: 0x3400            825 	retlw	0
00034: 0x3400            826 	retlw	0
00035: 0x3400            827 	retlw	0
00036: 0x3400            828 	retlw	0
00037: 0x3400            829 	retlw	0
00038: 0x3400            830 	retlw	0
00039: 0x3400            831 	retlw	0
0003A: 0x3400            832 	retlw	0
0003B: 0x3400            833 	retlw	0
0003C: 0x3400            834 	retlw	0
0003D: 0x3400            835 	retlw	0
0003E: 0x3400            836 	retlw	0
0003F: 0x3400            837 	retlw	0
00040: 0x3400            838 	retlw	0
00041: 0x3400            839 	retlw	0
00042: 0x3400            840 	retlw	0
00043: 0x3400            841 	retlw	0
00044: 0x3400            842 	retlw	0
00045: 0x3400            843 	retlw	0
00046: 0x3400            844 	retlw	0
00047: 0x3400            845 	retlw	0
00048: 0x3400            846 	retlw	0
00049: 0x3400            847 	retlw	0
0004A: 0x3400            848 	retlw	0
0004B: 0x3400            849 	retlw	0
                         850 
                         851 	.segment	CONSTi (REL) arialNarrow_32x10_Dot
                         852 arialNarrow_32x10_Dot::
00000: 0x3400            853 	retlw	0
00001: 0x3400            854 	retlw	0
00002: 0x3400            855 	retlw	0
00003: 0x3400            856 	retlw	0
00004: 0x3400            857 	retlw	0
00005: 0x3400            858 	retlw	0
00006: 0x3400            859 	retlw	0
00007: 0x3400            860 	retlw	0
00008: 0x3400            861 	retlw	0
00009: 0x3400            862 	retlw	0
0000A: 0x3400            863 	retlw	0
0000B: 0x3400            864 	retlw	0
0000C: 0x3400            865 	retlw	0
0000D: 0x3400            866 	retlw	0
0000E: 0x3400            867 	retlw	0
0000F: 0x3400            868 	retlw	0
00010: 0x3400            869 	retlw	0
00011: 0x3400            870 	retlw	0
00012: 0x3400            871 	retlw	0
00013: 0x3400            872 	retlw	0
00014: 0x3400            873 	retlw	0
00015: 0x3400            874 	retlw	0
00016: 0x3400            875 	retlw	0
00017: 0x3400            876 	retlw	0
00018: 0x3400            877 	retlw	0
00019: 0x3400            878 	retlw	0
0001A: 0x3400            879 	retlw	0
0001B: 0x3400            880 	retlw	0
0001C: 0x3400            881 	retlw	0
0001D: 0x3400            882 	retlw	0
0001E: 0x3400            883 	retlw	0
0001F: 0x3400            884 	retlw	0
00020: 0x3400            885 	retlw	0
00021: 0x3400            886 	retlw	0
00022: 0x3400            887 	retlw	0
00023: 0x3400            888 	retlw	0
00024: 0x3400            889 	retlw	0
00025: 0x3407            890 	retlw	7
00026: 0x3407            891 	retlw	7
00027: 0x3407            892 	retlw	7
00028: 0x3400            893 	retlw	0
00029: 0x3400            894 	retlw	0
0002A: 0x3400            895 	retlw	0
0002B: 0x3400            896 	retlw	0
                         897 
                         898 	.segment	CONSTi (REL) arial_16x11ptBitmaps
                         899 arial_16x11ptBitmaps::
00000: 0x3400            900 	retlw	0
00001: 0x34F8            901 	retlw	248
00002: 0x34FE            902 	retlw	254
00003: 0x34FE            903 	retlw	254
00004: 0x3407            904 	retlw	7
00005: 0x3403            905 	retlw	3
00006: 0x3403            906 	retlw	3
00007: 0x3407            907 	retlw	7
00008: 0x34FE            908 	retlw	254
00009: 0x34FE            909 	retlw	254
0000A: 0x34F8            910 	retlw	248
0000B: 0x3400            911 	retlw	0
0000C: 0x340F            912 	retlw	15
0000D: 0x343F            913 	retlw	63
0000E: 0x343F            914 	retlw	63
0000F: 0x3470            915 	retlw	112
00010: 0x3460            916 	retlw	96
00011: 0x3460            917 	retlw	96
00012: 0x3470            918 	retlw	112
00013: 0x343F            919 	retlw	63
00014: 0x343F            920 	retlw	63
00015: 0x340F            921 	retlw	15
00016: 0x3400            922 	retlw	0
00017: 0x3400            923 	retlw	0
00018: 0x3470            924 	retlw	112
00019: 0x3438            925 	retlw	56
0001A: 0x3438            926 	retlw	56
0001B: 0x341C            927 	retlw	28
0001C: 0x34FF            928 	retlw	255
0001D: 0x34FF            929 	retlw	255
0001E: 0x34FF            930 	retlw	255
0001F: 0x3400            931 	retlw	0
00020: 0x3400            932 	retlw	0
00021: 0x3400            933 	retlw	0
00022: 0x3400            934 	retlw	0
00023: 0x3400            935 	retlw	0
00024: 0x3400            936 	retlw	0
00025: 0x3400            937 	retlw	0
00026: 0x3400            938 	retlw	0
00027: 0x347F            939 	retlw	127
00028: 0x347F            940 	retlw	127
00029: 0x347F            941 	retlw	127
0002A: 0x3400            942 	retlw	0
0002B: 0x3400            943 	retlw	0
0002C: 0x3400            944 	retlw	0
0002D: 0x340C            945 	retlw	12
0002E: 0x340E            946 	retlw	14
0002F: 0x340F            947 	retlw	15
00030: 0x3407            948 	retlw	7
00031: 0x3403            949 	retlw	3
00032: 0x3483            950 	retlw	131
00033: 0x34C7            951 	retlw	199
00034: 0x34FF            952 	retlw	255
00035: 0x34FE            953 	retlw	254
00036: 0x343C            954 	retlw	60
00037: 0x3400            955 	retlw	0
00038: 0x3460            956 	retlw	96
00039: 0x3470            957 	retlw	112
0003A: 0x347C            958 	retlw	124
0003B: 0x347E            959 	retlw	126
0003C: 0x346F            960 	retlw	111
0003D: 0x3467            961 	retlw	103
0003E: 0x3463            962 	retlw	99
0003F: 0x3461            963 	retlw	97
00040: 0x3460            964 	retlw	96
00041: 0x3460            965 	retlw	96
00042: 0x3400            966 	retlw	0
00043: 0x340C            967 	retlw	12
00044: 0x340E            968 	retlw	14
00045: 0x340F            969 	retlw	15
00046: 0x34C3            970 	retlw	195
00047: 0x34C3            971 	retlw	195
00048: 0x34E3            972 	retlw	227
00049: 0x34FF            973 	retlw	255
0004A: 0x34FE            974 	retlw	254
0004B: 0x343C            975 	retlw	60
0004C: 0x3400            976 	retlw	0
0004D: 0x3400            977 	retlw	0
0004E: 0x3418            978 	retlw	24
0004F: 0x3438            979 	retlw	56
00050: 0x3478            980 	retlw	120
00051: 0x3470            981 	retlw	112
00052: 0x3460            982 	retlw	96
00053: 0x3460            983 	retlw	96
00054: 0x3471            984 	retlw	113
00055: 0x343F            985 	retlw	63
00056: 0x343F            986 	retlw	63
00057: 0x340E            987 	retlw	14
00058: 0x3400            988 	retlw	0
00059: 0x3400            989 	retlw	0
0005A: 0x34C0            990 	retlw	192
0005B: 0x34E0            991 	retlw	224
0005C: 0x3438            992 	retlw	56
0005D: 0x341E            993 	retlw	30
0005E: 0x34FF            994 	retlw	255
0005F: 0x34FF            995 	retlw	255
00060: 0x34FF            996 	retlw	255
00061: 0x3400            997 	retlw	0
00062: 0x3400            998 	retlw	0
00063: 0x340E            999 	retlw	14
00064: 0x340F            1000 	retlw	15
00065: 0x340D            1001 	retlw	13
00066: 0x340C            1002 	retlw	12
00067: 0x340C            1003 	retlw	12
00068: 0x340C            1004 	retlw	12
00069: 0x347F            1005 	retlw	127
0006A: 0x347F            1006 	retlw	127
0006B: 0x347F            1007 	retlw	127
0006C: 0x340C            1008 	retlw	12
0006D: 0x340C            1009 	retlw	12
0006E: 0x3400            1010 	retlw	0
0006F: 0x34C0            1011 	retlw	192
00070: 0x34FC            1012 	retlw	252
00071: 0x34FF            1013 	retlw	255
00072: 0x347F            1014 	retlw	127
00073: 0x3463            1015 	retlw	99
00074: 0x3463            1016 	retlw	99
00075: 0x34E3            1017 	retlw	227
00076: 0x34E3            1018 	retlw	227
00077: 0x34C3            1019 	retlw	195
00078: 0x3480            1020 	retlw	128
00079: 0x3400            1021 	retlw	0
0007A: 0x3418            1022 	retlw	24
0007B: 0x3438            1023 	retlw	56
0007C: 0x3478            1024 	retlw	120
0007D: 0x3470            1025 	retlw	112
0007E: 0x3460            1026 	retlw	96
0007F: 0x3460            1027 	retlw	96
00080: 0x3470            1028 	retlw	112
00081: 0x343F            1029 	retlw	63
00082: 0x343F            1030 	retlw	63
00083: 0x340F            1031 	retlw	15
00084: 0x3400            1032 	retlw	0
00085: 0x34F8            1033 	retlw	248
00086: 0x34FE            1034 	retlw	254
00087: 0x34FE            1035 	retlw	254
00088: 0x34C7            1036 	retlw	199
00089: 0x3463            1037 	retlw	99
0008A: 0x3463            1038 	retlw	99
0008B: 0x34E7            1039 	retlw	231
0008C: 0x34EF            1040 	retlw	239
0008D: 0x34C6            1041 	retlw	198
0008E: 0x3404            1042 	retlw	4
0008F: 0x3400            1043 	retlw	0
00090: 0x340F            1044 	retlw	15
00091: 0x343F            1045 	retlw	63
00092: 0x343F            1046 	retlw	63
00093: 0x3470            1047 	retlw	112
00094: 0x3460            1048 	retlw	96
00095: 0x3460            1049 	retlw	96
00096: 0x3470            1050 	retlw	112
00097: 0x343F            1051 	retlw	63
00098: 0x343F            1052 	retlw	63
00099: 0x340F            1053 	retlw	15
0009A: 0x3400            1054 	retlw	0
0009B: 0x3403            1055 	retlw	3
0009C: 0x3403            1056 	retlw	3
0009D: 0x3403            1057 	retlw	3
0009E: 0x3403            1058 	retlw	3
0009F: 0x34C3            1059 	retlw	195
000A0: 0x34F3            1060 	retlw	243
000A1: 0x34FB            1061 	retlw	251
000A2: 0x343F            1062 	retlw	63
000A3: 0x340F            1063 	retlw	15
000A4: 0x3407            1064 	retlw	7
000A5: 0x3400            1065 	retlw	0
000A6: 0x3400            1066 	retlw	0
000A7: 0x3400            1067 	retlw	0
000A8: 0x3478            1068 	retlw	120
000A9: 0x347F            1069 	retlw	127
000AA: 0x347F            1070 	retlw	127
000AB: 0x3407            1071 	retlw	7
000AC: 0x3400            1072 	retlw	0
000AD: 0x3400            1073 	retlw	0
000AE: 0x3400            1074 	retlw	0
000AF: 0x3400            1075 	retlw	0
000B0: 0x3400            1076 	retlw	0
000B1: 0x341C            1077 	retlw	28
000B2: 0x343E            1078 	retlw	62
000B3: 0x34FF            1079 	retlw	255
000B4: 0x34E7            1080 	retlw	231
000B5: 0x34C3            1081 	retlw	195
000B6: 0x34C3            1082 	retlw	195
000B7: 0x34E7            1083 	retlw	231
000B8: 0x34FF            1084 	retlw	255
000B9: 0x343E            1085 	retlw	62
000BA: 0x341C            1086 	retlw	28
000BB: 0x3400            1087 	retlw	0
000BC: 0x341E            1088 	retlw	30
000BD: 0x343F            1089 	retlw	63
000BE: 0x347F            1090 	retlw	127
000BF: 0x3471            1091 	retlw	113
000C0: 0x3460            1092 	retlw	96
000C1: 0x3460            1093 	retlw	96
000C2: 0x3471            1094 	retlw	113
000C3: 0x347F            1095 	retlw	127
000C4: 0x343F            1096 	retlw	63
000C5: 0x341E            1097 	retlw	30
000C6: 0x3400            1098 	retlw	0
000C7: 0x3478            1099 	retlw	120
000C8: 0x34FE            1100 	retlw	254
000C9: 0x34FE            1101 	retlw	254
000CA: 0x3487            1102 	retlw	135
000CB: 0x3403            1103 	retlw	3
000CC: 0x3403            1104 	retlw	3
000CD: 0x3487            1105 	retlw	135
000CE: 0x34FE            1106 	retlw	254
000CF: 0x34FE            1107 	retlw	254
000D0: 0x34F8            1108 	retlw	248
000D1: 0x3400            1109 	retlw	0
000D2: 0x3410            1110 	retlw	16
000D3: 0x3439            1111 	retlw	57
000D4: 0x347B            1112 	retlw	123
000D5: 0x3473            1113 	retlw	115
000D6: 0x3463            1114 	retlw	99
000D7: 0x3463            1115 	retlw	99
000D8: 0x3471            1116 	retlw	113
000D9: 0x343F            1117 	retlw	63
000DA: 0x343F            1118 	retlw	63
000DB: 0x340F            1119 	retlw	15
000DC: 0x3400            1120 	retlw	0
000DD: 0x3400            1121 	retlw	0
000DE: 0x3400            1122 	retlw	0
000DF: 0x3400            1123 	retlw	0
000E0: 0x3400            1124 	retlw	0
000E1: 0x3400            1125 	retlw	0
000E2: 0x3400            1126 	retlw	0
000E3: 0x3400            1127 	retlw	0
000E4: 0x3400            1128 	retlw	0
000E5: 0x3400            1129 	retlw	0
000E6: 0x3400            1130 	retlw	0
000E7: 0x3400            1131 	retlw	0
000E8: 0x3400            1132 	retlw	0
000E9: 0x3400            1133 	retlw	0
000EA: 0x3400            1134 	retlw	0
000EB: 0x3470            1135 	retlw	112
000EC: 0x3470            1136 	retlw	112
000ED: 0x3470            1137 	retlw	112
000EE: 0x3400            1138 	retlw	0
000EF: 0x3400            1139 	retlw	0
000F0: 0x3400            1140 	retlw	0
000F1: 0x3400            1141 	retlw	0
                         1142 
                         1143 	.segment	CONSTi (REL) timesNewRoman_16x17ptBitmaps_A
                         1144 timesNewRoman_16x17ptBitmaps_A::
00000: 0x3400            1145 	retlw	0
00001: 0x3400            1146 	retlw	0
00002: 0x3400            1147 	retlw	0
00003: 0x3400            1148 	retlw	0
00004: 0x3400            1149 	retlw	0
00005: 0x3480            1150 	retlw	128
00006: 0x3470            1151 	retlw	112
00007: 0x340C            1152 	retlw	12
00008: 0x343F            1153 	retlw	63
00009: 0x34FF            1154 	retlw	255
0000A: 0x34F8            1155 	retlw	248
0000B: 0x34E0            1156 	retlw	224
0000C: 0x3400            1157 	retlw	0
0000D: 0x3400            1158 	retlw	0
0000E: 0x3400            1159 	retlw	0
0000F: 0x3400            1160 	retlw	0
00010: 0x3400            1161 	retlw	0
00011: 0x3480            1162 	retlw	128
00012: 0x3480            1163 	retlw	128
00013: 0x34C0            1164 	retlw	192
00014: 0x34B0            1165 	retlw	176
00015: 0x348E            1166 	retlw	142
00016: 0x3489            1167 	retlw	137
00017: 0x3408            1168 	retlw	8
00018: 0x3408            1169 	retlw	8
00019: 0x3408            1170 	retlw	8
0001A: 0x3408            1171 	retlw	8
0001B: 0x348F            1172 	retlw	143
0001C: 0x349F            1173 	retlw	159
0001D: 0x34FF            1174 	retlw	255
0001E: 0x34FC            1175 	retlw	252
0001F: 0x34E0            1176 	retlw	224
00020: 0x34C0            1177 	retlw	192
00021: 0x3480            1178 	retlw	128
                         1179 
                         1180 	.segment	CONSTi (REL) timesNewRoman_16x13ptBitmaps_F
                         1181 timesNewRoman_16x13ptBitmaps_F::
00000: 0x3401            1182 	retlw	1
00001: 0x3401            1183 	retlw	1
00002: 0x34FF            1184 	retlw	255
00003: 0x34FF            1185 	retlw	255
00004: 0x34FF            1186 	retlw	255
00005: 0x3481            1187 	retlw	129
00006: 0x3481            1188 	retlw	129
00007: 0x34C1            1189 	retlw	193
00008: 0x34F9            1190 	retlw	249
00009: 0x3401            1191 	retlw	1
0000A: 0x3403            1192 	retlw	3
0000B: 0x3407            1193 	retlw	7
0000C: 0x341F            1194 	retlw	31
0000D: 0x3480            1195 	retlw	128
0000E: 0x3480            1196 	retlw	128
0000F: 0x34FF            1197 	retlw	255
00010: 0x34FF            1198 	retlw	255
00011: 0x34FF            1199 	retlw	255
00012: 0x3480            1200 	retlw	128
00013: 0x3480            1201 	retlw	128
00014: 0x3403            1202 	retlw	3
00015: 0x340F            1203 	retlw	15
00016: 0x3400            1204 	retlw	0
00017: 0x3400            1205 	retlw	0
00018: 0x3400            1206 	retlw	0
00019: 0x3400            1207 	retlw	0
                         1208 
                         1209 	.segment	CONSTi (REL) timesNewRoman_16x21ptBitmaps_M
                         1210 timesNewRoman_16x21ptBitmaps_M::
00000: 0x3401            1211 	retlw	1
00001: 0x3401            1212 	retlw	1
00002: 0x34FF            1213 	retlw	255
00003: 0x3407            1214 	retlw	7
00004: 0x341F            1215 	retlw	31
00005: 0x34FF            1216 	retlw	255
00006: 0x34FC            1217 	retlw	252
00007: 0x34E0            1218 	retlw	224
00008: 0x3400            1219 	retlw	0
00009: 0x3400            1220 	retlw	0
0000A: 0x3400            1221 	retlw	0
0000B: 0x3400            1222 	retlw	0
0000C: 0x3480            1223 	retlw	128
0000D: 0x3460            1224 	retlw	96
0000E: 0x341C            1225 	retlw	28
0000F: 0x3402            1226 	retlw	2
00010: 0x34FF            1227 	retlw	255
00011: 0x34FF            1228 	retlw	255
00012: 0x34FF            1229 	retlw	255
00013: 0x3401            1230 	retlw	1
00014: 0x3401            1231 	retlw	1
00015: 0x3480            1232 	retlw	128
00016: 0x3480            1233 	retlw	128
00017: 0x34FF            1234 	retlw	255
00018: 0x3480            1235 	retlw	128
00019: 0x3480            1236 	retlw	128
0001A: 0x3400            1237 	retlw	0
0001B: 0x3403            1238 	retlw	3
0001C: 0x341F            1239 	retlw	31
0001D: 0x347F            1240 	retlw	127
0001E: 0x34FC            1241 	retlw	252
0001F: 0x3430            1242 	retlw	48
00020: 0x340E            1243 	retlw	14
00021: 0x3401            1244 	retlw	1
00022: 0x3400            1245 	retlw	0
00023: 0x3480            1246 	retlw	128
00024: 0x3480            1247 	retlw	128
00025: 0x34FF            1248 	retlw	255
00026: 0x34FF            1249 	retlw	255
00027: 0x34FF            1250 	retlw	255
00028: 0x3480            1251 	retlw	128
00029: 0x3480            1252 	retlw	128
                         1253 
                         1254 	.segment	CONSTi (REL) verdana_16x16ptBitmaps_A
                         1255 verdana_16x16ptBitmaps_A::
00000: 0x3400            1256 	retlw	0
00001: 0x3400            1257 	retlw	0
00002: 0x3400            1258 	retlw	0
00003: 0x34C0            1259 	retlw	192
00004: 0x34F8            1260 	retlw	248
00005: 0x34FE            1261 	retlw	254
00006: 0x34FF            1262 	retlw	255
00007: 0x343F            1263 	retlw	63
00008: 0x343F            1264 	retlw	63
00009: 0x34FF            1265 	retlw	255
0000A: 0x34FE            1266 	retlw	254
0000B: 0x34F8            1267 	retlw	248
0000C: 0x34C0            1268 	retlw	192
0000D: 0x3400            1269 	retlw	0
0000E: 0x3400            1270 	retlw	0
0000F: 0x3400            1271 	retlw	0
00010: 0x3480            1272 	retlw	128
00011: 0x34F0            1273 	retlw	240
00012: 0x34FE            1274 	retlw	254
00013: 0x34FF            1275 	retlw	255
00014: 0x347F            1276 	retlw	127
00015: 0x341F            1277 	retlw	31
00016: 0x341D            1278 	retlw	29
00017: 0x341C            1279 	retlw	28
00018: 0x341C            1280 	retlw	28
00019: 0x341D            1281 	retlw	29
0001A: 0x341F            1282 	retlw	31
0001B: 0x347F            1283 	retlw	127
0001C: 0x34FF            1284 	retlw	255
0001D: 0x34FE            1285 	retlw	254
0001E: 0x34F0            1286 	retlw	240
0001F: 0x3480            1287 	retlw	128
                         1288 
                         1289 	.segment	CONSTi (REL) verdana_16x11ptBitmaps_F
                         1290 verdana_16x11ptBitmaps_F::
00000: 0x34FF            1291 	retlw	255
00001: 0x34FF            1292 	retlw	255
00002: 0x34FF            1293 	retlw	255
00003: 0x34FF            1294 	retlw	255
00004: 0x34C7            1295 	retlw	199
00005: 0x34C7            1296 	retlw	199
00006: 0x34C7            1297 	retlw	199
00007: 0x34C7            1298 	retlw	199
00008: 0x34C7            1299 	retlw	199
00009: 0x34C7            1300 	retlw	199
0000A: 0x3407            1301 	retlw	7
0000B: 0x34FF            1302 	retlw	255
0000C: 0x34FF            1303 	retlw	255
0000D: 0x34FF            1304 	retlw	255
0000E: 0x34FF            1305 	retlw	255
0000F: 0x3401            1306 	retlw	1
00010: 0x3401            1307 	retlw	1
00011: 0x3401            1308 	retlw	1
00012: 0x3401            1309 	retlw	1
00013: 0x3401            1310 	retlw	1
00014: 0x3401            1311 	retlw	1
00015: 0x3400            1312 	retlw	0
                         1313 
                         1314 	.segment	CONSTi (REL) verdana_16x16ptBitmaps_M
                         1315 verdana_16x16ptBitmaps_M::
00000: 0x34FF            1316 	retlw	255
00001: 0x34FF            1317 	retlw	255
00002: 0x34FF            1318 	retlw	255
00003: 0x34FF            1319 	retlw	255
00004: 0x343F            1320 	retlw	63
00005: 0x34FC            1321 	retlw	252
00006: 0x34F0            1322 	retlw	240
00007: 0x34C0            1323 	retlw	192
00008: 0x3480            1324 	retlw	128
00009: 0x34E0            1325 	retlw	224
0000A: 0x34FC            1326 	retlw	252
0000B: 0x343F            1327 	retlw	63
0000C: 0x34FF            1328 	retlw	255
0000D: 0x34FF            1329 	retlw	255
0000E: 0x34FF            1330 	retlw	255
0000F: 0x34FF            1331 	retlw	255
00010: 0x34FF            1332 	retlw	255
00011: 0x34FF            1333 	retlw	255
00012: 0x34FF            1334 	retlw	255
00013: 0x34FF            1335 	retlw	255
00014: 0x3400            1336 	retlw	0
00015: 0x3401            1337 	retlw	1
00016: 0x3407            1338 	retlw	7
00017: 0x340F            1339 	retlw	15
00018: 0x340F            1340 	retlw	15
00019: 0x3407            1341 	retlw	7
0001A: 0x3401            1342 	retlw	1
0001B: 0x3400            1343 	retlw	0
0001C: 0x34FF            1344 	retlw	255
0001D: 0x34FF            1345 	retlw	255
0001E: 0x34FF            1346 	retlw	255
0001F: 0x34FF            1347 	retlw	255
                         1348 
                         1349 	.segment	CONSTi (REL) FONT_6x8
                         1350 FONT_6x8::
00000: 0x3400            1351 	retlw	0
00001: 0x3400            1352 	retlw	0
00002: 0x3400            1353 	retlw	0
00003: 0x3400            1354 	retlw	0
00004: 0x3400            1355 	retlw	0
00005: 0x3400            1356 	retlw	0
00006: 0x3400            1357 	retlw	0
00007: 0x3400            1358 	retlw	0
00008: 0x3400            1359 	retlw	0
00009: 0x342F            1360 	retlw	47
0000A: 0x3400            1361 	retlw	0
0000B: 0x3400            1362 	retlw	0
0000C: 0x3400            1363 	retlw	0
0000D: 0x3400            1364 	retlw	0
0000E: 0x3407            1365 	retlw	7
0000F: 0x3400            1366 	retlw	0
00010: 0x3407            1367 	retlw	7
00011: 0x3400            1368 	retlw	0
00012: 0x3400            1369 	retlw	0
00013: 0x3414            1370 	retlw	20
00014: 0x347F            1371 	retlw	127
00015: 0x3414            1372 	retlw	20
00016: 0x347F            1373 	retlw	127
00017: 0x3414            1374 	retlw	20
00018: 0x3400            1375 	retlw	0
00019: 0x3424            1376 	retlw	36
0001A: 0x342A            1377 	retlw	42
0001B: 0x347F            1378 	retlw	127
0001C: 0x342A            1379 	retlw	42
0001D: 0x3412            1380 	retlw	18
0001E: 0x3400            1381 	retlw	0
0001F: 0x3423            1382 	retlw	35
00020: 0x3413            1383 	retlw	19
00021: 0x3408            1384 	retlw	8
00022: 0x3464            1385 	retlw	100
00023: 0x3462            1386 	retlw	98
00024: 0x3400            1387 	retlw	0
00025: 0x3436            1388 	retlw	54
00026: 0x3449            1389 	retlw	73
00027: 0x3455            1390 	retlw	85
00028: 0x3422            1391 	retlw	34
00029: 0x3450            1392 	retlw	80
0002A: 0x3400            1393 	retlw	0
0002B: 0x3400            1394 	retlw	0
0002C: 0x3405            1395 	retlw	5
0002D: 0x3403            1396 	retlw	3
0002E: 0x3400            1397 	retlw	0
0002F: 0x3400            1398 	retlw	0
00030: 0x3400            1399 	retlw	0
00031: 0x3400            1400 	retlw	0
00032: 0x341C            1401 	retlw	28
00033: 0x3422            1402 	retlw	34
00034: 0x3441            1403 	retlw	65
00035: 0x3400            1404 	retlw	0
00036: 0x3400            1405 	retlw	0
00037: 0x3400            1406 	retlw	0
00038: 0x3441            1407 	retlw	65
00039: 0x3422            1408 	retlw	34
0003A: 0x341C            1409 	retlw	28
0003B: 0x3400            1410 	retlw	0
0003C: 0x3400            1411 	retlw	0
0003D: 0x3414            1412 	retlw	20
0003E: 0x3408            1413 	retlw	8
0003F: 0x343E            1414 	retlw	62
00040: 0x3408            1415 	retlw	8
00041: 0x3414            1416 	retlw	20
00042: 0x3400            1417 	retlw	0
00043: 0x3408            1418 	retlw	8
00044: 0x3408            1419 	retlw	8
00045: 0x343E            1420 	retlw	62
00046: 0x3408            1421 	retlw	8
00047: 0x3408            1422 	retlw	8
00048: 0x3400            1423 	retlw	0
00049: 0x3400            1424 	retlw	0
0004A: 0x3400            1425 	retlw	0
0004B: 0x34A0            1426 	retlw	160
0004C: 0x3460            1427 	retlw	96
0004D: 0x3400            1428 	retlw	0
0004E: 0x3400            1429 	retlw	0
0004F: 0x3408            1430 	retlw	8
00050: 0x3408            1431 	retlw	8
00051: 0x3408            1432 	retlw	8
00052: 0x3408            1433 	retlw	8
00053: 0x3408            1434 	retlw	8
00054: 0x3400            1435 	retlw	0
00055: 0x3400            1436 	retlw	0
00056: 0x3460            1437 	retlw	96
00057: 0x3460            1438 	retlw	96
00058: 0x3400            1439 	retlw	0
00059: 0x3400            1440 	retlw	0
0005A: 0x3400            1441 	retlw	0
0005B: 0x3420            1442 	retlw	32
0005C: 0x3410            1443 	retlw	16
0005D: 0x3408            1444 	retlw	8
0005E: 0x3404            1445 	retlw	4
0005F: 0x3402            1446 	retlw	2
00060: 0x3400            1447 	retlw	0
00061: 0x343E            1448 	retlw	62
00062: 0x3451            1449 	retlw	81
00063: 0x3449            1450 	retlw	73
00064: 0x3445            1451 	retlw	69
00065: 0x343E            1452 	retlw	62
00066: 0x3400            1453 	retlw	0
00067: 0x3400            1454 	retlw	0
00068: 0x3442            1455 	retlw	66
00069: 0x347F            1456 	retlw	127
0006A: 0x3440            1457 	retlw	64
0006B: 0x3400            1458 	retlw	0
0006C: 0x3400            1459 	retlw	0
0006D: 0x3442            1460 	retlw	66
0006E: 0x3461            1461 	retlw	97
0006F: 0x3451            1462 	retlw	81
00070: 0x3449            1463 	retlw	73
00071: 0x3446            1464 	retlw	70
00072: 0x3400            1465 	retlw	0
00073: 0x3421            1466 	retlw	33
00074: 0x3441            1467 	retlw	65
00075: 0x3445            1468 	retlw	69
00076: 0x344B            1469 	retlw	75
00077: 0x3431            1470 	retlw	49
00078: 0x3400            1471 	retlw	0
00079: 0x3418            1472 	retlw	24
0007A: 0x3414            1473 	retlw	20
0007B: 0x3412            1474 	retlw	18
0007C: 0x347F            1475 	retlw	127
0007D: 0x3410            1476 	retlw	16
0007E: 0x3400            1477 	retlw	0
0007F: 0x3427            1478 	retlw	39
00080: 0x3445            1479 	retlw	69
00081: 0x3445            1480 	retlw	69
00082: 0x3445            1481 	retlw	69
00083: 0x3439            1482 	retlw	57
00084: 0x3400            1483 	retlw	0
00085: 0x343C            1484 	retlw	60
00086: 0x344A            1485 	retlw	74
00087: 0x3449            1486 	retlw	73
00088: 0x3449            1487 	retlw	73
00089: 0x3430            1488 	retlw	48
0008A: 0x3400            1489 	retlw	0
0008B: 0x3401            1490 	retlw	1
0008C: 0x3471            1491 	retlw	113
0008D: 0x3409            1492 	retlw	9
0008E: 0x3405            1493 	retlw	5
0008F: 0x3403            1494 	retlw	3
00090: 0x3400            1495 	retlw	0
00091: 0x3436            1496 	retlw	54
00092: 0x3449            1497 	retlw	73
00093: 0x3449            1498 	retlw	73
00094: 0x3449            1499 	retlw	73
00095: 0x3436            1500 	retlw	54
00096: 0x3400            1501 	retlw	0
00097: 0x3406            1502 	retlw	6
00098: 0x3449            1503 	retlw	73
00099: 0x3449            1504 	retlw	73
0009A: 0x3429            1505 	retlw	41
0009B: 0x341E            1506 	retlw	30
0009C: 0x3400            1507 	retlw	0
0009D: 0x3400            1508 	retlw	0
0009E: 0x3436            1509 	retlw	54
0009F: 0x3436            1510 	retlw	54
000A0: 0x3400            1511 	retlw	0
000A1: 0x3400            1512 	retlw	0
000A2: 0x3400            1513 	retlw	0
000A3: 0x3400            1514 	retlw	0
000A4: 0x3456            1515 	retlw	86
000A5: 0x3436            1516 	retlw	54
000A6: 0x3400            1517 	retlw	0
000A7: 0x3400            1518 	retlw	0
000A8: 0x3400            1519 	retlw	0
000A9: 0x3408            1520 	retlw	8
000AA: 0x3414            1521 	retlw	20
000AB: 0x3422            1522 	retlw	34
000AC: 0x3441            1523 	retlw	65
000AD: 0x3400            1524 	retlw	0
000AE: 0x3400            1525 	retlw	0
000AF: 0x3414            1526 	retlw	20
000B0: 0x3414            1527 	retlw	20
000B1: 0x3414            1528 	retlw	20
000B2: 0x3414            1529 	retlw	20
000B3: 0x3414            1530 	retlw	20
000B4: 0x3400            1531 	retlw	0
000B5: 0x3400            1532 	retlw	0
000B6: 0x3441            1533 	retlw	65
000B7: 0x3422            1534 	retlw	34
000B8: 0x3414            1535 	retlw	20
000B9: 0x3408            1536 	retlw	8
000BA: 0x3400            1537 	retlw	0
000BB: 0x3402            1538 	retlw	2
000BC: 0x3401            1539 	retlw	1
000BD: 0x3451            1540 	retlw	81
000BE: 0x3409            1541 	retlw	9
000BF: 0x3406            1542 	retlw	6
000C0: 0x3400            1543 	retlw	0
000C1: 0x3432            1544 	retlw	50
000C2: 0x3449            1545 	retlw	73
000C3: 0x3459            1546 	retlw	89
000C4: 0x3451            1547 	retlw	81
000C5: 0x343E            1548 	retlw	62
000C6: 0x3400            1549 	retlw	0
000C7: 0x347C            1550 	retlw	124
000C8: 0x3412            1551 	retlw	18
000C9: 0x3411            1552 	retlw	17
000CA: 0x3412            1553 	retlw	18
000CB: 0x347C            1554 	retlw	124
000CC: 0x3400            1555 	retlw	0
000CD: 0x347F            1556 	retlw	127
000CE: 0x3449            1557 	retlw	73
000CF: 0x3449            1558 	retlw	73
000D0: 0x3449            1559 	retlw	73
000D1: 0x3436            1560 	retlw	54
000D2: 0x3400            1561 	retlw	0
000D3: 0x343E            1562 	retlw	62
000D4: 0x3441            1563 	retlw	65
000D5: 0x3441            1564 	retlw	65
000D6: 0x3441            1565 	retlw	65
000D7: 0x3422            1566 	retlw	34
000D8: 0x3400            1567 	retlw	0
000D9: 0x347F            1568 	retlw	127
000DA: 0x3441            1569 	retlw	65
000DB: 0x3441            1570 	retlw	65
000DC: 0x3422            1571 	retlw	34
000DD: 0x341C            1572 	retlw	28
000DE: 0x3400            1573 	retlw	0
000DF: 0x347F            1574 	retlw	127
000E0: 0x3449            1575 	retlw	73
000E1: 0x3449            1576 	retlw	73
000E2: 0x3449            1577 	retlw	73
000E3: 0x3441            1578 	retlw	65
000E4: 0x3400            1579 	retlw	0
000E5: 0x347F            1580 	retlw	127
000E6: 0x3409            1581 	retlw	9
000E7: 0x3409            1582 	retlw	9
000E8: 0x3409            1583 	retlw	9
000E9: 0x3401            1584 	retlw	1
000EA: 0x3400            1585 	retlw	0
000EB: 0x343E            1586 	retlw	62
000EC: 0x3441            1587 	retlw	65
000ED: 0x3449            1588 	retlw	73
000EE: 0x3449            1589 	retlw	73
000EF: 0x347A            1590 	retlw	122
000F0: 0x3400            1591 	retlw	0
000F1: 0x347F            1592 	retlw	127
000F2: 0x3408            1593 	retlw	8
000F3: 0x3408            1594 	retlw	8
000F4: 0x3408            1595 	retlw	8
000F5: 0x347F            1596 	retlw	127
000F6: 0x3400            1597 	retlw	0
000F7: 0x3400            1598 	retlw	0
000F8: 0x3441            1599 	retlw	65
000F9: 0x347F            1600 	retlw	127
000FA: 0x3441            1601 	retlw	65
000FB: 0x3400            1602 	retlw	0
000FC: 0x3400            1603 	retlw	0
000FD: 0x3420            1604 	retlw	32
000FE: 0x3440            1605 	retlw	64
000FF: 0x3441            1606 	retlw	65
00100: 0x343F            1607 	retlw	63
00101: 0x3401            1608 	retlw	1
00102: 0x3400            1609 	retlw	0
00103: 0x347F            1610 	retlw	127
00104: 0x3408            1611 	retlw	8
00105: 0x3414            1612 	retlw	20
00106: 0x3422            1613 	retlw	34
00107: 0x3441            1614 	retlw	65
00108: 0x3400            1615 	retlw	0
00109: 0x347F            1616 	retlw	127
0010A: 0x3440            1617 	retlw	64
0010B: 0x3440            1618 	retlw	64
0010C: 0x3440            1619 	retlw	64
0010D: 0x3440            1620 	retlw	64
0010E: 0x3400            1621 	retlw	0
0010F: 0x347F            1622 	retlw	127
00110: 0x3402            1623 	retlw	2
00111: 0x340C            1624 	retlw	12
00112: 0x3402            1625 	retlw	2
00113: 0x347F            1626 	retlw	127
00114: 0x3400            1627 	retlw	0
00115: 0x347F            1628 	retlw	127
00116: 0x3404            1629 	retlw	4
00117: 0x3408            1630 	retlw	8
00118: 0x3410            1631 	retlw	16
00119: 0x347F            1632 	retlw	127
0011A: 0x3400            1633 	retlw	0
0011B: 0x343E            1634 	retlw	62
0011C: 0x3441            1635 	retlw	65
0011D: 0x3441            1636 	retlw	65
0011E: 0x3441            1637 	retlw	65
0011F: 0x343E            1638 	retlw	62
00120: 0x3400            1639 	retlw	0
00121: 0x347F            1640 	retlw	127
00122: 0x3409            1641 	retlw	9
00123: 0x3409            1642 	retlw	9
00124: 0x3409            1643 	retlw	9
00125: 0x3406            1644 	retlw	6
00126: 0x3400            1645 	retlw	0
00127: 0x343E            1646 	retlw	62
00128: 0x3441            1647 	retlw	65
00129: 0x3451            1648 	retlw	81
0012A: 0x3421            1649 	retlw	33
0012B: 0x345E            1650 	retlw	94
0012C: 0x3400            1651 	retlw	0
0012D: 0x347F            1652 	retlw	127
0012E: 0x3409            1653 	retlw	9
0012F: 0x3419            1654 	retlw	25
00130: 0x3429            1655 	retlw	41
00131: 0x3446            1656 	retlw	70
00132: 0x3400            1657 	retlw	0
00133: 0x3446            1658 	retlw	70
00134: 0x3449            1659 	retlw	73
00135: 0x3449            1660 	retlw	73
00136: 0x3449            1661 	retlw	73
00137: 0x3431            1662 	retlw	49
00138: 0x3400            1663 	retlw	0
00139: 0x3401            1664 	retlw	1
0013A: 0x3401            1665 	retlw	1
0013B: 0x347F            1666 	retlw	127
0013C: 0x3401            1667 	retlw	1
0013D: 0x3401            1668 	retlw	1
0013E: 0x3400            1669 	retlw	0
0013F: 0x343F            1670 	retlw	63
00140: 0x3440            1671 	retlw	64
00141: 0x3440            1672 	retlw	64
00142: 0x3440            1673 	retlw	64
00143: 0x343F            1674 	retlw	63
00144: 0x3400            1675 	retlw	0
00145: 0x341F            1676 	retlw	31
00146: 0x3420            1677 	retlw	32
00147: 0x3440            1678 	retlw	64
00148: 0x3420            1679 	retlw	32
00149: 0x341F            1680 	retlw	31
0014A: 0x3400            1681 	retlw	0
0014B: 0x343F            1682 	retlw	63
0014C: 0x3440            1683 	retlw	64
0014D: 0x3438            1684 	retlw	56
0014E: 0x3440            1685 	retlw	64
0014F: 0x343F            1686 	retlw	63
00150: 0x3400            1687 	retlw	0
00151: 0x3463            1688 	retlw	99
00152: 0x3414            1689 	retlw	20
00153: 0x3408            1690 	retlw	8
00154: 0x3414            1691 	retlw	20
00155: 0x3463            1692 	retlw	99
00156: 0x3400            1693 	retlw	0
00157: 0x3407            1694 	retlw	7
00158: 0x3408            1695 	retlw	8
00159: 0x3470            1696 	retlw	112
0015A: 0x3408            1697 	retlw	8
0015B: 0x3407            1698 	retlw	7
0015C: 0x3400            1699 	retlw	0
0015D: 0x3461            1700 	retlw	97
0015E: 0x3451            1701 	retlw	81
0015F: 0x3449            1702 	retlw	73
00160: 0x3445            1703 	retlw	69
00161: 0x3443            1704 	retlw	67
00162: 0x3400            1705 	retlw	0
00163: 0x3400            1706 	retlw	0
00164: 0x347F            1707 	retlw	127
00165: 0x3441            1708 	retlw	65
00166: 0x3441            1709 	retlw	65
00167: 0x3400            1710 	retlw	0
00168: 0x3400            1711 	retlw	0
00169: 0x3455            1712 	retlw	85
0016A: 0x342A            1713 	retlw	42
0016B: 0x3455            1714 	retlw	85
0016C: 0x342A            1715 	retlw	42
0016D: 0x3455            1716 	retlw	85
0016E: 0x3400            1717 	retlw	0
0016F: 0x3400            1718 	retlw	0
00170: 0x3441            1719 	retlw	65
00171: 0x3441            1720 	retlw	65
00172: 0x347F            1721 	retlw	127
00173: 0x3400            1722 	retlw	0
00174: 0x3400            1723 	retlw	0
00175: 0x3404            1724 	retlw	4
00176: 0x3402            1725 	retlw	2
00177: 0x3401            1726 	retlw	1
00178: 0x3402            1727 	retlw	2
00179: 0x3404            1728 	retlw	4
0017A: 0x3400            1729 	retlw	0
0017B: 0x3440            1730 	retlw	64
0017C: 0x3440            1731 	retlw	64
0017D: 0x3440            1732 	retlw	64
0017E: 0x3440            1733 	retlw	64
0017F: 0x3440            1734 	retlw	64
00180: 0x3400            1735 	retlw	0
00181: 0x3400            1736 	retlw	0
00182: 0x3401            1737 	retlw	1
00183: 0x3402            1738 	retlw	2
00184: 0x3404            1739 	retlw	4
00185: 0x3400            1740 	retlw	0
00186: 0x3400            1741 	retlw	0
00187: 0x3420            1742 	retlw	32
00188: 0x3454            1743 	retlw	84
00189: 0x3454            1744 	retlw	84
0018A: 0x3454            1745 	retlw	84
0018B: 0x3478            1746 	retlw	120
0018C: 0x3400            1747 	retlw	0
0018D: 0x347F            1748 	retlw	127
0018E: 0x3448            1749 	retlw	72
0018F: 0x3444            1750 	retlw	68
00190: 0x3444            1751 	retlw	68
00191: 0x3438            1752 	retlw	56
00192: 0x3400            1753 	retlw	0
00193: 0x3438            1754 	retlw	56
00194: 0x3444            1755 	retlw	68
00195: 0x3444            1756 	retlw	68
00196: 0x3444            1757 	retlw	68
00197: 0x3420            1758 	retlw	32
00198: 0x3400            1759 	retlw	0
00199: 0x3438            1760 	retlw	56
0019A: 0x3444            1761 	retlw	68
0019B: 0x3444            1762 	retlw	68
0019C: 0x3448            1763 	retlw	72
0019D: 0x347F            1764 	retlw	127
0019E: 0x3400            1765 	retlw	0
0019F: 0x3438            1766 	retlw	56
001A0: 0x3454            1767 	retlw	84
001A1: 0x3454            1768 	retlw	84
001A2: 0x3454            1769 	retlw	84
001A3: 0x3418            1770 	retlw	24
001A4: 0x3400            1771 	retlw	0
001A5: 0x3408            1772 	retlw	8
001A6: 0x347E            1773 	retlw	126
001A7: 0x3409            1774 	retlw	9
001A8: 0x3401            1775 	retlw	1
001A9: 0x3402            1776 	retlw	2
001AA: 0x3400            1777 	retlw	0
001AB: 0x3418            1778 	retlw	24
001AC: 0x34A4            1779 	retlw	164
001AD: 0x34A4            1780 	retlw	164
001AE: 0x34A4            1781 	retlw	164
001AF: 0x347C            1782 	retlw	124
001B0: 0x3400            1783 	retlw	0
001B1: 0x347F            1784 	retlw	127
001B2: 0x3408            1785 	retlw	8
001B3: 0x3404            1786 	retlw	4
001B4: 0x3404            1787 	retlw	4
001B5: 0x3478            1788 	retlw	120
001B6: 0x3400            1789 	retlw	0
001B7: 0x3400            1790 	retlw	0
001B8: 0x3444            1791 	retlw	68
001B9: 0x347D            1792 	retlw	125
001BA: 0x3440            1793 	retlw	64
001BB: 0x3400            1794 	retlw	0
001BC: 0x3400            1795 	retlw	0
001BD: 0x3440            1796 	retlw	64
001BE: 0x3480            1797 	retlw	128
001BF: 0x3484            1798 	retlw	132
001C0: 0x347D            1799 	retlw	125
001C1: 0x3400            1800 	retlw	0
001C2: 0x3400            1801 	retlw	0
001C3: 0x347F            1802 	retlw	127
001C4: 0x3410            1803 	retlw	16
001C5: 0x3428            1804 	retlw	40
001C6: 0x3444            1805 	retlw	68
001C7: 0x3400            1806 	retlw	0
001C8: 0x3400            1807 	retlw	0
001C9: 0x3400            1808 	retlw	0
001CA: 0x3441            1809 	retlw	65
001CB: 0x347F            1810 	retlw	127
001CC: 0x3440            1811 	retlw	64
001CD: 0x3400            1812 	retlw	0
001CE: 0x3400            1813 	retlw	0
001CF: 0x347C            1814 	retlw	124
001D0: 0x3404            1815 	retlw	4
001D1: 0x3418            1816 	retlw	24
001D2: 0x3404            1817 	retlw	4
001D3: 0x3478            1818 	retlw	120
001D4: 0x3400            1819 	retlw	0
001D5: 0x347C            1820 	retlw	124
001D6: 0x3408            1821 	retlw	8
001D7: 0x3404            1822 	retlw	4
001D8: 0x3404            1823 	retlw	4
001D9: 0x3478            1824 	retlw	120
001DA: 0x3400            1825 	retlw	0
001DB: 0x3438            1826 	retlw	56
001DC: 0x3444            1827 	retlw	68
001DD: 0x3444            1828 	retlw	68
001DE: 0x3444            1829 	retlw	68
001DF: 0x3438            1830 	retlw	56
001E0: 0x3400            1831 	retlw	0
001E1: 0x34FC            1832 	retlw	252
001E2: 0x3424            1833 	retlw	36
001E3: 0x3424            1834 	retlw	36
001E4: 0x3424            1835 	retlw	36
001E5: 0x3418            1836 	retlw	24
001E6: 0x3400            1837 	retlw	0
001E7: 0x3418            1838 	retlw	24
001E8: 0x3424            1839 	retlw	36
001E9: 0x3424            1840 	retlw	36
001EA: 0x3418            1841 	retlw	24
001EB: 0x34FC            1842 	retlw	252
001EC: 0x3400            1843 	retlw	0
001ED: 0x347C            1844 	retlw	124
001EE: 0x3408            1845 	retlw	8
001EF: 0x3404            1846 	retlw	4
001F0: 0x3404            1847 	retlw	4
001F1: 0x3408            1848 	retlw	8
001F2: 0x3400            1849 	retlw	0
001F3: 0x3448            1850 	retlw	72
001F4: 0x3454            1851 	retlw	84
001F5: 0x3454            1852 	retlw	84
001F6: 0x3454            1853 	retlw	84
001F7: 0x3420            1854 	retlw	32
001F8: 0x3400            1855 	retlw	0
001F9: 0x3404            1856 	retlw	4
001FA: 0x343F            1857 	retlw	63
001FB: 0x3444            1858 	retlw	68
001FC: 0x3440            1859 	retlw	64
001FD: 0x3420            1860 	retlw	32
001FE: 0x3400            1861 	retlw	0
001FF: 0x343C            1862 	retlw	60
00200: 0x3440            1863 	retlw	64
00201: 0x3440            1864 	retlw	64
00202: 0x3420            1865 	retlw	32
00203: 0x347C            1866 	retlw	124
00204: 0x3400            1867 	retlw	0
00205: 0x341C            1868 	retlw	28
00206: 0x3420            1869 	retlw	32
00207: 0x3440            1870 	retlw	64
00208: 0x3420            1871 	retlw	32
00209: 0x341C            1872 	retlw	28
0020A: 0x3400            1873 	retlw	0
0020B: 0x343C            1874 	retlw	60
0020C: 0x3440            1875 	retlw	64
0020D: 0x3430            1876 	retlw	48
0020E: 0x3440            1877 	retlw	64
0020F: 0x343C            1878 	retlw	60
00210: 0x3400            1879 	retlw	0
00211: 0x3444            1880 	retlw	68
00212: 0x3428            1881 	retlw	40
00213: 0x3410            1882 	retlw	16
00214: 0x3428            1883 	retlw	40
00215: 0x3444            1884 	retlw	68
00216: 0x3400            1885 	retlw	0
00217: 0x341C            1886 	retlw	28
00218: 0x34A0            1887 	retlw	160
00219: 0x34A0            1888 	retlw	160
0021A: 0x34A0            1889 	retlw	160
0021B: 0x347C            1890 	retlw	124
0021C: 0x3400            1891 	retlw	0
0021D: 0x3444            1892 	retlw	68
0021E: 0x3464            1893 	retlw	100
0021F: 0x3454            1894 	retlw	84
00220: 0x344C            1895 	retlw	76
00221: 0x3444            1896 	retlw	68
00222: 0x3414            1897 	retlw	20
00223: 0x3414            1898 	retlw	20
00224: 0x3414            1899 	retlw	20
00225: 0x3414            1900 	retlw	20
00226: 0x3414            1901 	retlw	20
00227: 0x3414            1902 	retlw	20
                         1903 
                         1904 	.end
