                           1 ;**********************************************************
                           2 ;  Microchip Enhanced PIC16F1xxx C Compiler (CC16E), v1.00
                           3 ;  Thu Dec 07 16:12:50 2023
                           4 ;**********************************************************
                           5 
                           6 	.device	"pic16e"
                           7 
                           8 
                           9 	.segment	CONSTi (REL) FONT16x16
                          10 FONT16x16::
00000: 0x3420             11 	retlw	32
00001: 0x3424             12 	retlw	36
00002: 0x3424             13 	retlw	36
00003: 0x3424             14 	retlw	36
00004: 0x34FE             15 	retlw	254
00005: 0x3423             16 	retlw	35
00006: 0x3422             17 	retlw	34
00007: 0x3420             18 	retlw	32
00008: 0x3420             19 	retlw	32
00009: 0x34FF             20 	retlw	255
0000A: 0x3420             21 	retlw	32
0000B: 0x3422             22 	retlw	34
0000C: 0x342C             23 	retlw	44
0000D: 0x34A0             24 	retlw	160
0000E: 0x3420             25 	retlw	32
0000F: 0x3400             26 	retlw	0
00010: 0x3400             27 	retlw	0
00011: 0x3408             28 	retlw	8
00012: 0x3448             29 	retlw	72
00013: 0x3484             30 	retlw	132
00014: 0x347F             31 	retlw	127
00015: 0x3402             32 	retlw	2
00016: 0x3441             33 	retlw	65
00017: 0x3440             34 	retlw	64
00018: 0x3420             35 	retlw	32
00019: 0x3413             36 	retlw	19
0001A: 0x340C             37 	retlw	12
0001B: 0x3414             38 	retlw	20
0001C: 0x3422             39 	retlw	34
0001D: 0x3441             40 	retlw	65
0001E: 0x34F8             41 	retlw	248
0001F: 0x3400             42 	retlw	0
                          43 
                          44 	.segment	CONSTi (REL) FONT_8x16
                          45 FONT_8x16::
00000: 0x3400             46 	retlw	0
00001: 0x3400             47 	retlw	0
00002: 0x3400             48 	retlw	0
00003: 0x3400             49 	retlw	0
00004: 0x3400             50 	retlw	0
00005: 0x3400             51 	retlw	0
00006: 0x3400             52 	retlw	0
00007: 0x3400             53 	retlw	0
00008: 0x3400             54 	retlw	0
00009: 0x3400             55 	retlw	0
0000A: 0x3400             56 	retlw	0
0000B: 0x3400             57 	retlw	0
0000C: 0x3400             58 	retlw	0
0000D: 0x3400             59 	retlw	0
0000E: 0x3400             60 	retlw	0
0000F: 0x3400             61 	retlw	0
00010: 0x3400             62 	retlw	0
00011: 0x3400             63 	retlw	0
00012: 0x3400             64 	retlw	0
00013: 0x34F8             65 	retlw	248
00014: 0x3400             66 	retlw	0
00015: 0x3400             67 	retlw	0
00016: 0x3400             68 	retlw	0
00017: 0x3400             69 	retlw	0
00018: 0x3400             70 	retlw	0
00019: 0x3400             71 	retlw	0
0001A: 0x3400             72 	retlw	0
0001B: 0x3433             73 	retlw	51
0001C: 0x3430             74 	retlw	48
0001D: 0x3400             75 	retlw	0
0001E: 0x3400             76 	retlw	0
0001F: 0x3400             77 	retlw	0
00020: 0x3400             78 	retlw	0
00021: 0x3410             79 	retlw	16
00022: 0x340C             80 	retlw	12
00023: 0x3406             81 	retlw	6
00024: 0x3410             82 	retlw	16
00025: 0x340C             83 	retlw	12
00026: 0x3406             84 	retlw	6
00027: 0x3400             85 	retlw	0
00028: 0x3400             86 	retlw	0
00029: 0x3400             87 	retlw	0
0002A: 0x3400             88 	retlw	0
0002B: 0x3400             89 	retlw	0
0002C: 0x3400             90 	retlw	0
0002D: 0x3400             91 	retlw	0
0002E: 0x3400             92 	retlw	0
0002F: 0x3400             93 	retlw	0
00030: 0x3440             94 	retlw	64
00031: 0x34C0             95 	retlw	192
00032: 0x3478             96 	retlw	120
00033: 0x3440             97 	retlw	64
00034: 0x34C0             98 	retlw	192
00035: 0x3478             99 	retlw	120
00036: 0x3440            100 	retlw	64
00037: 0x3400            101 	retlw	0
00038: 0x3404            102 	retlw	4
00039: 0x343F            103 	retlw	63
0003A: 0x3404            104 	retlw	4
0003B: 0x3404            105 	retlw	4
0003C: 0x343F            106 	retlw	63
0003D: 0x3404            107 	retlw	4
0003E: 0x3404            108 	retlw	4
0003F: 0x3400            109 	retlw	0
00040: 0x3400            110 	retlw	0
00041: 0x3470            111 	retlw	112
00042: 0x3488            112 	retlw	136
00043: 0x34FC            113 	retlw	252
00044: 0x3408            114 	retlw	8
00045: 0x3430            115 	retlw	48
00046: 0x3400            116 	retlw	0
00047: 0x3400            117 	retlw	0
00048: 0x3400            118 	retlw	0
00049: 0x3418            119 	retlw	24
0004A: 0x3420            120 	retlw	32
0004B: 0x34FF            121 	retlw	255
0004C: 0x3421            122 	retlw	33
0004D: 0x341E            123 	retlw	30
0004E: 0x3400            124 	retlw	0
0004F: 0x3400            125 	retlw	0
00050: 0x34F0            126 	retlw	240
00051: 0x3408            127 	retlw	8
00052: 0x34F0            128 	retlw	240
00053: 0x3400            129 	retlw	0
00054: 0x34E0            130 	retlw	224
00055: 0x3418            131 	retlw	24
00056: 0x3400            132 	retlw	0
00057: 0x3400            133 	retlw	0
00058: 0x3400            134 	retlw	0
00059: 0x3421            135 	retlw	33
0005A: 0x341C            136 	retlw	28
0005B: 0x3403            137 	retlw	3
0005C: 0x341E            138 	retlw	30
0005D: 0x3421            139 	retlw	33
0005E: 0x341E            140 	retlw	30
0005F: 0x3400            141 	retlw	0
00060: 0x3400            142 	retlw	0
00061: 0x34F0            143 	retlw	240
00062: 0x3408            144 	retlw	8
00063: 0x3488            145 	retlw	136
00064: 0x3470            146 	retlw	112
00065: 0x3400            147 	retlw	0
00066: 0x3400            148 	retlw	0
00067: 0x3400            149 	retlw	0
00068: 0x341E            150 	retlw	30
00069: 0x3421            151 	retlw	33
0006A: 0x3423            152 	retlw	35
0006B: 0x3424            153 	retlw	36
0006C: 0x3419            154 	retlw	25
0006D: 0x3427            155 	retlw	39
0006E: 0x3421            156 	retlw	33
0006F: 0x3410            157 	retlw	16
00070: 0x3410            158 	retlw	16
00071: 0x3416            159 	retlw	22
00072: 0x340E            160 	retlw	14
00073: 0x3400            161 	retlw	0
00074: 0x3400            162 	retlw	0
00075: 0x3400            163 	retlw	0
00076: 0x3400            164 	retlw	0
00077: 0x3400            165 	retlw	0
00078: 0x3400            166 	retlw	0
00079: 0x3400            167 	retlw	0
0007A: 0x3400            168 	retlw	0
0007B: 0x3400            169 	retlw	0
0007C: 0x3400            170 	retlw	0
0007D: 0x3400            171 	retlw	0
0007E: 0x3400            172 	retlw	0
0007F: 0x3400            173 	retlw	0
00080: 0x3400            174 	retlw	0
00081: 0x3400            175 	retlw	0
00082: 0x3400            176 	retlw	0
00083: 0x34E0            177 	retlw	224
00084: 0x3418            178 	retlw	24
00085: 0x3404            179 	retlw	4
00086: 0x3402            180 	retlw	2
00087: 0x3400            181 	retlw	0
00088: 0x3400            182 	retlw	0
00089: 0x3400            183 	retlw	0
0008A: 0x3400            184 	retlw	0
0008B: 0x3407            185 	retlw	7
0008C: 0x3418            186 	retlw	24
0008D: 0x3420            187 	retlw	32
0008E: 0x3440            188 	retlw	64
0008F: 0x3400            189 	retlw	0
00090: 0x3400            190 	retlw	0
00091: 0x3402            191 	retlw	2
00092: 0x3404            192 	retlw	4
00093: 0x3418            193 	retlw	24
00094: 0x34E0            194 	retlw	224
00095: 0x3400            195 	retlw	0
00096: 0x3400            196 	retlw	0
00097: 0x3400            197 	retlw	0
00098: 0x3400            198 	retlw	0
00099: 0x3440            199 	retlw	64
0009A: 0x3420            200 	retlw	32
0009B: 0x3418            201 	retlw	24
0009C: 0x3407            202 	retlw	7
0009D: 0x3400            203 	retlw	0
0009E: 0x3400            204 	retlw	0
0009F: 0x3400            205 	retlw	0
000A0: 0x3440            206 	retlw	64
000A1: 0x3440            207 	retlw	64
000A2: 0x3480            208 	retlw	128
000A3: 0x34F0            209 	retlw	240
000A4: 0x3480            210 	retlw	128
000A5: 0x3440            211 	retlw	64
000A6: 0x3440            212 	retlw	64
000A7: 0x3400            213 	retlw	0
000A8: 0x3402            214 	retlw	2
000A9: 0x3402            215 	retlw	2
000AA: 0x3401            216 	retlw	1
000AB: 0x340F            217 	retlw	15
000AC: 0x3401            218 	retlw	1
000AD: 0x3402            219 	retlw	2
000AE: 0x3402            220 	retlw	2
000AF: 0x3400            221 	retlw	0
000B0: 0x3400            222 	retlw	0
000B1: 0x3400            223 	retlw	0
000B2: 0x3400            224 	retlw	0
000B3: 0x34F0            225 	retlw	240
000B4: 0x3400            226 	retlw	0
000B5: 0x3400            227 	retlw	0
000B6: 0x3400            228 	retlw	0
000B7: 0x3400            229 	retlw	0
000B8: 0x3401            230 	retlw	1
000B9: 0x3401            231 	retlw	1
000BA: 0x3401            232 	retlw	1
000BB: 0x341F            233 	retlw	31
000BC: 0x3401            234 	retlw	1
000BD: 0x3401            235 	retlw	1
000BE: 0x3401            236 	retlw	1
000BF: 0x3400            237 	retlw	0
000C0: 0x3400            238 	retlw	0
000C1: 0x3400            239 	retlw	0
000C2: 0x3400            240 	retlw	0
000C3: 0x3400            241 	retlw	0
000C4: 0x3400            242 	retlw	0
000C5: 0x3400            243 	retlw	0
000C6: 0x3400            244 	retlw	0
000C7: 0x3400            245 	retlw	0
000C8: 0x3480            246 	retlw	128
000C9: 0x34B0            247 	retlw	176
000CA: 0x3470            248 	retlw	112
000CB: 0x3400            249 	retlw	0
000CC: 0x3400            250 	retlw	0
000CD: 0x3400            251 	retlw	0
000CE: 0x3400            252 	retlw	0
000CF: 0x3400            253 	retlw	0
000D0: 0x3400            254 	retlw	0
000D1: 0x3400            255 	retlw	0
000D2: 0x3400            256 	retlw	0
000D3: 0x3400            257 	retlw	0
000D4: 0x3400            258 	retlw	0
000D5: 0x3400            259 	retlw	0
000D6: 0x3400            260 	retlw	0
000D7: 0x3400            261 	retlw	0
000D8: 0x3400            262 	retlw	0
000D9: 0x3401            263 	retlw	1
000DA: 0x3401            264 	retlw	1
000DB: 0x3401            265 	retlw	1
000DC: 0x3401            266 	retlw	1
000DD: 0x3401            267 	retlw	1
000DE: 0x3401            268 	retlw	1
000DF: 0x3401            269 	retlw	1
000E0: 0x3400            270 	retlw	0
000E1: 0x3400            271 	retlw	0
000E2: 0x3400            272 	retlw	0
000E3: 0x3400            273 	retlw	0
000E4: 0x3400            274 	retlw	0
000E5: 0x3400            275 	retlw	0
000E6: 0x3400            276 	retlw	0
000E7: 0x3400            277 	retlw	0
000E8: 0x3400            278 	retlw	0
000E9: 0x3430            279 	retlw	48
000EA: 0x3430            280 	retlw	48
000EB: 0x3400            281 	retlw	0
000EC: 0x3400            282 	retlw	0
000ED: 0x3400            283 	retlw	0
000EE: 0x3400            284 	retlw	0
000EF: 0x3400            285 	retlw	0
000F0: 0x3400            286 	retlw	0
000F1: 0x3400            287 	retlw	0
000F2: 0x3400            288 	retlw	0
000F3: 0x3400            289 	retlw	0
000F4: 0x3480            290 	retlw	128
000F5: 0x3460            291 	retlw	96
000F6: 0x3418            292 	retlw	24
000F7: 0x3404            293 	retlw	4
000F8: 0x3400            294 	retlw	0
000F9: 0x3460            295 	retlw	96
000FA: 0x3418            296 	retlw	24
000FB: 0x3406            297 	retlw	6
000FC: 0x3401            298 	retlw	1
000FD: 0x3400            299 	retlw	0
000FE: 0x3400            300 	retlw	0
000FF: 0x3400            301 	retlw	0
00100: 0x3400            302 	retlw	0
00101: 0x34E0            303 	retlw	224
00102: 0x3410            304 	retlw	16
00103: 0x3408            305 	retlw	8
00104: 0x3408            306 	retlw	8
00105: 0x3410            307 	retlw	16
00106: 0x34E0            308 	retlw	224
00107: 0x3400            309 	retlw	0
00108: 0x3400            310 	retlw	0
00109: 0x340F            311 	retlw	15
0010A: 0x3410            312 	retlw	16
0010B: 0x3420            313 	retlw	32
0010C: 0x3420            314 	retlw	32
0010D: 0x3410            315 	retlw	16
0010E: 0x340F            316 	retlw	15
0010F: 0x3400            317 	retlw	0
00110: 0x3400            318 	retlw	0
00111: 0x3410            319 	retlw	16
00112: 0x3410            320 	retlw	16
00113: 0x34F8            321 	retlw	248
00114: 0x3400            322 	retlw	0
00115: 0x3400            323 	retlw	0
00116: 0x3400            324 	retlw	0
00117: 0x3400            325 	retlw	0
00118: 0x3400            326 	retlw	0
00119: 0x3420            327 	retlw	32
0011A: 0x3420            328 	retlw	32
0011B: 0x343F            329 	retlw	63
0011C: 0x3420            330 	retlw	32
0011D: 0x3420            331 	retlw	32
0011E: 0x3400            332 	retlw	0
0011F: 0x3400            333 	retlw	0
00120: 0x3400            334 	retlw	0
00121: 0x3470            335 	retlw	112
00122: 0x3408            336 	retlw	8
00123: 0x3408            337 	retlw	8
00124: 0x3408            338 	retlw	8
00125: 0x3488            339 	retlw	136
00126: 0x3470            340 	retlw	112
00127: 0x3400            341 	retlw	0
00128: 0x3400            342 	retlw	0
00129: 0x3430            343 	retlw	48
0012A: 0x3428            344 	retlw	40
0012B: 0x3424            345 	retlw	36
0012C: 0x3422            346 	retlw	34
0012D: 0x3421            347 	retlw	33
0012E: 0x3430            348 	retlw	48
0012F: 0x3400            349 	retlw	0
00130: 0x3400            350 	retlw	0
00131: 0x3430            351 	retlw	48
00132: 0x3408            352 	retlw	8
00133: 0x3488            353 	retlw	136
00134: 0x3488            354 	retlw	136
00135: 0x3448            355 	retlw	72
00136: 0x3430            356 	retlw	48
00137: 0x3400            357 	retlw	0
00138: 0x3400            358 	retlw	0
00139: 0x3418            359 	retlw	24
0013A: 0x3420            360 	retlw	32
0013B: 0x3420            361 	retlw	32
0013C: 0x3420            362 	retlw	32
0013D: 0x3411            363 	retlw	17
0013E: 0x340E            364 	retlw	14
0013F: 0x3400            365 	retlw	0
00140: 0x3400            366 	retlw	0
00141: 0x3400            367 	retlw	0
00142: 0x34C0            368 	retlw	192
00143: 0x3420            369 	retlw	32
00144: 0x3410            370 	retlw	16
00145: 0x34F8            371 	retlw	248
00146: 0x3400            372 	retlw	0
00147: 0x3400            373 	retlw	0
00148: 0x3400            374 	retlw	0
00149: 0x3407            375 	retlw	7
0014A: 0x3404            376 	retlw	4
0014B: 0x3424            377 	retlw	36
0014C: 0x3424            378 	retlw	36
0014D: 0x343F            379 	retlw	63
0014E: 0x3424            380 	retlw	36
0014F: 0x3400            381 	retlw	0
00150: 0x3400            382 	retlw	0
00151: 0x34F8            383 	retlw	248
00152: 0x3408            384 	retlw	8
00153: 0x3488            385 	retlw	136
00154: 0x3488            386 	retlw	136
00155: 0x3408            387 	retlw	8
00156: 0x3408            388 	retlw	8
00157: 0x3400            389 	retlw	0
00158: 0x3400            390 	retlw	0
00159: 0x3419            391 	retlw	25
0015A: 0x3421            392 	retlw	33
0015B: 0x3420            393 	retlw	32
0015C: 0x3420            394 	retlw	32
0015D: 0x3411            395 	retlw	17
0015E: 0x340E            396 	retlw	14
0015F: 0x3400            397 	retlw	0
00160: 0x3400            398 	retlw	0
00161: 0x34E0            399 	retlw	224
00162: 0x3410            400 	retlw	16
00163: 0x3488            401 	retlw	136
00164: 0x3488            402 	retlw	136
00165: 0x3418            403 	retlw	24
00166: 0x3400            404 	retlw	0
00167: 0x3400            405 	retlw	0
00168: 0x3400            406 	retlw	0
00169: 0x340F            407 	retlw	15
0016A: 0x3411            408 	retlw	17
0016B: 0x3420            409 	retlw	32
0016C: 0x3420            410 	retlw	32
0016D: 0x3411            411 	retlw	17
0016E: 0x340E            412 	retlw	14
0016F: 0x3400            413 	retlw	0
00170: 0x3400            414 	retlw	0
00171: 0x3438            415 	retlw	56
00172: 0x3408            416 	retlw	8
00173: 0x3408            417 	retlw	8
00174: 0x34C8            418 	retlw	200
00175: 0x3438            419 	retlw	56
00176: 0x3408            420 	retlw	8
00177: 0x3400            421 	retlw	0
00178: 0x3400            422 	retlw	0
00179: 0x3400            423 	retlw	0
0017A: 0x3400            424 	retlw	0
0017B: 0x343F            425 	retlw	63
0017C: 0x3400            426 	retlw	0
0017D: 0x3400            427 	retlw	0
0017E: 0x3400            428 	retlw	0
0017F: 0x3400            429 	retlw	0
00180: 0x3400            430 	retlw	0
00181: 0x3470            431 	retlw	112
00182: 0x3488            432 	retlw	136
00183: 0x3408            433 	retlw	8
00184: 0x3408            434 	retlw	8
00185: 0x3488            435 	retlw	136
00186: 0x3470            436 	retlw	112
00187: 0x3400            437 	retlw	0
00188: 0x3400            438 	retlw	0
00189: 0x341C            439 	retlw	28
0018A: 0x3422            440 	retlw	34
0018B: 0x3421            441 	retlw	33
0018C: 0x3421            442 	retlw	33
0018D: 0x3422            443 	retlw	34
0018E: 0x341C            444 	retlw	28
0018F: 0x3400            445 	retlw	0
00190: 0x3400            446 	retlw	0
00191: 0x34E0            447 	retlw	224
00192: 0x3410            448 	retlw	16
00193: 0x3408            449 	retlw	8
00194: 0x3408            450 	retlw	8
00195: 0x3410            451 	retlw	16
00196: 0x34E0            452 	retlw	224
00197: 0x3400            453 	retlw	0
00198: 0x3400            454 	retlw	0
00199: 0x3400            455 	retlw	0
0019A: 0x3431            456 	retlw	49
0019B: 0x3422            457 	retlw	34
0019C: 0x3422            458 	retlw	34
0019D: 0x3411            459 	retlw	17
0019E: 0x340F            460 	retlw	15
0019F: 0x3400            461 	retlw	0
001A0: 0x3400            462 	retlw	0
001A1: 0x3400            463 	retlw	0
001A2: 0x3400            464 	retlw	0
001A3: 0x34C0            465 	retlw	192
001A4: 0x34C0            466 	retlw	192
001A5: 0x3400            467 	retlw	0
001A6: 0x3400            468 	retlw	0
001A7: 0x3400            469 	retlw	0
001A8: 0x3400            470 	retlw	0
001A9: 0x3400            471 	retlw	0
001AA: 0x3400            472 	retlw	0
001AB: 0x3430            473 	retlw	48
001AC: 0x3430            474 	retlw	48
001AD: 0x3400            475 	retlw	0
001AE: 0x3400            476 	retlw	0
001AF: 0x3400            477 	retlw	0
001B0: 0x3400            478 	retlw	0
001B1: 0x3400            479 	retlw	0
001B2: 0x3400            480 	retlw	0
001B3: 0x3480            481 	retlw	128
001B4: 0x3400            482 	retlw	0
001B5: 0x3400            483 	retlw	0
001B6: 0x3400            484 	retlw	0
001B7: 0x3400            485 	retlw	0
001B8: 0x3400            486 	retlw	0
001B9: 0x3400            487 	retlw	0
001BA: 0x3480            488 	retlw	128
001BB: 0x3460            489 	retlw	96
001BC: 0x3400            490 	retlw	0
001BD: 0x3400            491 	retlw	0
001BE: 0x3400            492 	retlw	0
001BF: 0x3400            493 	retlw	0
001C0: 0x3400            494 	retlw	0
001C1: 0x3400            495 	retlw	0
001C2: 0x3480            496 	retlw	128
001C3: 0x3440            497 	retlw	64
001C4: 0x3420            498 	retlw	32
001C5: 0x3410            499 	retlw	16
001C6: 0x3408            500 	retlw	8
001C7: 0x3400            501 	retlw	0
001C8: 0x3400            502 	retlw	0
001C9: 0x3401            503 	retlw	1
001CA: 0x3402            504 	retlw	2
001CB: 0x3404            505 	retlw	4
001CC: 0x3408            506 	retlw	8
001CD: 0x3410            507 	retlw	16
001CE: 0x3420            508 	retlw	32
001CF: 0x3400            509 	retlw	0
001D0: 0x3440            510 	retlw	64
001D1: 0x3440            511 	retlw	64
001D2: 0x3440            512 	retlw	64
001D3: 0x3440            513 	retlw	64
001D4: 0x3440            514 	retlw	64
001D5: 0x3440            515 	retlw	64
001D6: 0x3440            516 	retlw	64
001D7: 0x3400            517 	retlw	0
001D8: 0x3404            518 	retlw	4
001D9: 0x3404            519 	retlw	4
001DA: 0x3404            520 	retlw	4
001DB: 0x3404            521 	retlw	4
001DC: 0x3404            522 	retlw	4
001DD: 0x3404            523 	retlw	4
001DE: 0x3404            524 	retlw	4
001DF: 0x3400            525 	retlw	0
001E0: 0x3400            526 	retlw	0
001E1: 0x3408            527 	retlw	8
001E2: 0x3410            528 	retlw	16
001E3: 0x3420            529 	retlw	32
001E4: 0x3440            530 	retlw	64
001E5: 0x3480            531 	retlw	128
001E6: 0x3400            532 	retlw	0
001E7: 0x3400            533 	retlw	0
001E8: 0x3400            534 	retlw	0
001E9: 0x3420            535 	retlw	32
001EA: 0x3410            536 	retlw	16
001EB: 0x3408            537 	retlw	8
001EC: 0x3404            538 	retlw	4
001ED: 0x3402            539 	retlw	2
001EE: 0x3401            540 	retlw	1
001EF: 0x3400            541 	retlw	0
001F0: 0x3400            542 	retlw	0
001F1: 0x3470            543 	retlw	112
001F2: 0x3448            544 	retlw	72
001F3: 0x3408            545 	retlw	8
001F4: 0x3408            546 	retlw	8
001F5: 0x3408            547 	retlw	8
001F6: 0x34F0            548 	retlw	240
001F7: 0x3400            549 	retlw	0
001F8: 0x3400            550 	retlw	0
001F9: 0x3400            551 	retlw	0
001FA: 0x3400            552 	retlw	0
001FB: 0x3430            553 	retlw	48
001FC: 0x3436            554 	retlw	54
001FD: 0x3401            555 	retlw	1
001FE: 0x3400            556 	retlw	0
001FF: 0x3400            557 	retlw	0
00200: 0x34C0            558 	retlw	192
00201: 0x3430            559 	retlw	48
00202: 0x34C8            560 	retlw	200
00203: 0x3428            561 	retlw	40
00204: 0x34E8            562 	retlw	232
00205: 0x3410            563 	retlw	16
00206: 0x34E0            564 	retlw	224
00207: 0x3400            565 	retlw	0
00208: 0x3407            566 	retlw	7
00209: 0x3418            567 	retlw	24
0020A: 0x3427            568 	retlw	39
0020B: 0x3424            569 	retlw	36
0020C: 0x3423            570 	retlw	35
0020D: 0x3414            571 	retlw	20
0020E: 0x340B            572 	retlw	11
0020F: 0x3400            573 	retlw	0
00210: 0x3400            574 	retlw	0
00211: 0x3400            575 	retlw	0
00212: 0x34C0            576 	retlw	192
00213: 0x3438            577 	retlw	56
00214: 0x34E0            578 	retlw	224
00215: 0x3400            579 	retlw	0
00216: 0x3400            580 	retlw	0
00217: 0x3400            581 	retlw	0
00218: 0x3420            582 	retlw	32
00219: 0x343C            583 	retlw	60
0021A: 0x3423            584 	retlw	35
0021B: 0x3402            585 	retlw	2
0021C: 0x3402            586 	retlw	2
0021D: 0x3427            587 	retlw	39
0021E: 0x3438            588 	retlw	56
0021F: 0x3420            589 	retlw	32
00220: 0x3408            590 	retlw	8
00221: 0x34F8            591 	retlw	248
00222: 0x3488            592 	retlw	136
00223: 0x3488            593 	retlw	136
00224: 0x3488            594 	retlw	136
00225: 0x3470            595 	retlw	112
00226: 0x3400            596 	retlw	0
00227: 0x3400            597 	retlw	0
00228: 0x3420            598 	retlw	32
00229: 0x343F            599 	retlw	63
0022A: 0x3420            600 	retlw	32
0022B: 0x3420            601 	retlw	32
0022C: 0x3420            602 	retlw	32
0022D: 0x3411            603 	retlw	17
0022E: 0x340E            604 	retlw	14
0022F: 0x3400            605 	retlw	0
00230: 0x34C0            606 	retlw	192
00231: 0x3430            607 	retlw	48
00232: 0x3408            608 	retlw	8
00233: 0x3408            609 	retlw	8
00234: 0x3408            610 	retlw	8
00235: 0x3408            611 	retlw	8
00236: 0x3438            612 	retlw	56
00237: 0x3400            613 	retlw	0
00238: 0x3407            614 	retlw	7
00239: 0x3418            615 	retlw	24
0023A: 0x3420            616 	retlw	32
0023B: 0x3420            617 	retlw	32
0023C: 0x3420            618 	retlw	32
0023D: 0x3410            619 	retlw	16
0023E: 0x3408            620 	retlw	8
0023F: 0x3400            621 	retlw	0
00240: 0x3408            622 	retlw	8
00241: 0x34F8            623 	retlw	248
00242: 0x3408            624 	retlw	8
00243: 0x3408            625 	retlw	8
00244: 0x3408            626 	retlw	8
00245: 0x3410            627 	retlw	16
00246: 0x34E0            628 	retlw	224
00247: 0x3400            629 	retlw	0
00248: 0x3420            630 	retlw	32
00249: 0x343F            631 	retlw	63
0024A: 0x3420            632 	retlw	32
0024B: 0x3420            633 	retlw	32
0024C: 0x3420            634 	retlw	32
0024D: 0x3410            635 	retlw	16
0024E: 0x340F            636 	retlw	15
0024F: 0x3400            637 	retlw	0
00250: 0x3408            638 	retlw	8
00251: 0x34F8            639 	retlw	248
00252: 0x3488            640 	retlw	136
00253: 0x3488            641 	retlw	136
00254: 0x34E8            642 	retlw	232
00255: 0x3408            643 	retlw	8
00256: 0x3410            644 	retlw	16
00257: 0x3400            645 	retlw	0
00258: 0x3420            646 	retlw	32
00259: 0x343F            647 	retlw	63
0025A: 0x3420            648 	retlw	32
0025B: 0x3420            649 	retlw	32
0025C: 0x3423            650 	retlw	35
0025D: 0x3420            651 	retlw	32
0025E: 0x3418            652 	retlw	24
0025F: 0x3400            653 	retlw	0
00260: 0x3408            654 	retlw	8
00261: 0x34F8            655 	retlw	248
00262: 0x3488            656 	retlw	136
00263: 0x3488            657 	retlw	136
00264: 0x34E8            658 	retlw	232
00265: 0x3408            659 	retlw	8
00266: 0x3410            660 	retlw	16
00267: 0x3400            661 	retlw	0
00268: 0x3420            662 	retlw	32
00269: 0x343F            663 	retlw	63
0026A: 0x3420            664 	retlw	32
0026B: 0x3400            665 	retlw	0
0026C: 0x3403            666 	retlw	3
0026D: 0x3400            667 	retlw	0
0026E: 0x3400            668 	retlw	0
0026F: 0x3400            669 	retlw	0
00270: 0x34C0            670 	retlw	192
00271: 0x3430            671 	retlw	48
00272: 0x3408            672 	retlw	8
00273: 0x3408            673 	retlw	8
00274: 0x3408            674 	retlw	8
00275: 0x3438            675 	retlw	56
00276: 0x3400            676 	retlw	0
00277: 0x3400            677 	retlw	0
00278: 0x3407            678 	retlw	7
00279: 0x3418            679 	retlw	24
0027A: 0x3420            680 	retlw	32
0027B: 0x3420            681 	retlw	32
0027C: 0x3422            682 	retlw	34
0027D: 0x341E            683 	retlw	30
0027E: 0x3402            684 	retlw	2
0027F: 0x3400            685 	retlw	0
00280: 0x3408            686 	retlw	8
00281: 0x34F8            687 	retlw	248
00282: 0x3408            688 	retlw	8
00283: 0x3400            689 	retlw	0
00284: 0x3400            690 	retlw	0
00285: 0x3408            691 	retlw	8
00286: 0x34F8            692 	retlw	248
00287: 0x3408            693 	retlw	8
00288: 0x3420            694 	retlw	32
00289: 0x343F            695 	retlw	63
0028A: 0x3421            696 	retlw	33
0028B: 0x3401            697 	retlw	1
0028C: 0x3401            698 	retlw	1
0028D: 0x3421            699 	retlw	33
0028E: 0x343F            700 	retlw	63
0028F: 0x3420            701 	retlw	32
00290: 0x3400            702 	retlw	0
00291: 0x3408            703 	retlw	8
00292: 0x3408            704 	retlw	8
00293: 0x34F8            705 	retlw	248
00294: 0x3408            706 	retlw	8
00295: 0x3408            707 	retlw	8
00296: 0x3400            708 	retlw	0
00297: 0x3400            709 	retlw	0
00298: 0x3400            710 	retlw	0
00299: 0x3420            711 	retlw	32
0029A: 0x3420            712 	retlw	32
0029B: 0x343F            713 	retlw	63
0029C: 0x3420            714 	retlw	32
0029D: 0x3420            715 	retlw	32
0029E: 0x3400            716 	retlw	0
0029F: 0x3400            717 	retlw	0
002A0: 0x3400            718 	retlw	0
002A1: 0x3400            719 	retlw	0
002A2: 0x3408            720 	retlw	8
002A3: 0x3408            721 	retlw	8
002A4: 0x34F8            722 	retlw	248
002A5: 0x3408            723 	retlw	8
002A6: 0x3408            724 	retlw	8
002A7: 0x3400            725 	retlw	0
002A8: 0x34C0            726 	retlw	192
002A9: 0x3480            727 	retlw	128
002AA: 0x3480            728 	retlw	128
002AB: 0x3480            729 	retlw	128
002AC: 0x347F            730 	retlw	127
002AD: 0x3400            731 	retlw	0
002AE: 0x3400            732 	retlw	0
002AF: 0x3400            733 	retlw	0
002B0: 0x3408            734 	retlw	8
002B1: 0x34F8            735 	retlw	248
002B2: 0x3488            736 	retlw	136
002B3: 0x34C0            737 	retlw	192
002B4: 0x3428            738 	retlw	40
002B5: 0x3418            739 	retlw	24
002B6: 0x3408            740 	retlw	8
002B7: 0x3400            741 	retlw	0
002B8: 0x3420            742 	retlw	32
002B9: 0x343F            743 	retlw	63
002BA: 0x3420            744 	retlw	32
002BB: 0x3401            745 	retlw	1
002BC: 0x3426            746 	retlw	38
002BD: 0x3438            747 	retlw	56
002BE: 0x3420            748 	retlw	32
002BF: 0x3400            749 	retlw	0
002C0: 0x3408            750 	retlw	8
002C1: 0x34F8            751 	retlw	248
002C2: 0x3408            752 	retlw	8
002C3: 0x3400            753 	retlw	0
002C4: 0x3400            754 	retlw	0
002C5: 0x3400            755 	retlw	0
002C6: 0x3400            756 	retlw	0
002C7: 0x3400            757 	retlw	0
002C8: 0x3420            758 	retlw	32
002C9: 0x343F            759 	retlw	63
002CA: 0x3420            760 	retlw	32
002CB: 0x3420            761 	retlw	32
002CC: 0x3420            762 	retlw	32
002CD: 0x3420            763 	retlw	32
002CE: 0x3430            764 	retlw	48
002CF: 0x3400            765 	retlw	0
002D0: 0x3408            766 	retlw	8
002D1: 0x34F8            767 	retlw	248
002D2: 0x34F8            768 	retlw	248
002D3: 0x3400            769 	retlw	0
002D4: 0x34F8            770 	retlw	248
002D5: 0x34F8            771 	retlw	248
002D6: 0x3408            772 	retlw	8
002D7: 0x3400            773 	retlw	0
002D8: 0x3420            774 	retlw	32
002D9: 0x343F            775 	retlw	63
002DA: 0x3400            776 	retlw	0
002DB: 0x343F            777 	retlw	63
002DC: 0x3400            778 	retlw	0
002DD: 0x343F            779 	retlw	63
002DE: 0x3420            780 	retlw	32
002DF: 0x3400            781 	retlw	0
002E0: 0x3408            782 	retlw	8
002E1: 0x34F8            783 	retlw	248
002E2: 0x3430            784 	retlw	48
002E3: 0x34C0            785 	retlw	192
002E4: 0x3400            786 	retlw	0
002E5: 0x3408            787 	retlw	8
002E6: 0x34F8            788 	retlw	248
002E7: 0x3408            789 	retlw	8
002E8: 0x3420            790 	retlw	32
002E9: 0x343F            791 	retlw	63
002EA: 0x3420            792 	retlw	32
002EB: 0x3400            793 	retlw	0
002EC: 0x3407            794 	retlw	7
002ED: 0x3418            795 	retlw	24
002EE: 0x343F            796 	retlw	63
002EF: 0x3400            797 	retlw	0
002F0: 0x34E0            798 	retlw	224
002F1: 0x3410            799 	retlw	16
002F2: 0x3408            800 	retlw	8
002F3: 0x3408            801 	retlw	8
002F4: 0x3408            802 	retlw	8
002F5: 0x3410            803 	retlw	16
002F6: 0x34E0            804 	retlw	224
002F7: 0x3400            805 	retlw	0
002F8: 0x340F            806 	retlw	15
002F9: 0x3410            807 	retlw	16
002FA: 0x3420            808 	retlw	32
002FB: 0x3420            809 	retlw	32
002FC: 0x3420            810 	retlw	32
002FD: 0x3410            811 	retlw	16
002FE: 0x340F            812 	retlw	15
002FF: 0x3400            813 	retlw	0
00300: 0x3408            814 	retlw	8
00301: 0x34F8            815 	retlw	248
00302: 0x3408            816 	retlw	8
00303: 0x3408            817 	retlw	8
00304: 0x3408            818 	retlw	8
00305: 0x3408            819 	retlw	8
00306: 0x34F0            820 	retlw	240
00307: 0x3400            821 	retlw	0
00308: 0x3420            822 	retlw	32
00309: 0x343F            823 	retlw	63
0030A: 0x3421            824 	retlw	33
0030B: 0x3401            825 	retlw	1
0030C: 0x3401            826 	retlw	1
0030D: 0x3401            827 	retlw	1
0030E: 0x3400            828 	retlw	0
0030F: 0x3400            829 	retlw	0
00310: 0x34E0            830 	retlw	224
00311: 0x3410            831 	retlw	16
00312: 0x3408            832 	retlw	8
00313: 0x3408            833 	retlw	8
00314: 0x3408            834 	retlw	8
00315: 0x3410            835 	retlw	16
00316: 0x34E0            836 	retlw	224
00317: 0x3400            837 	retlw	0
00318: 0x340F            838 	retlw	15
00319: 0x3418            839 	retlw	24
0031A: 0x3424            840 	retlw	36
0031B: 0x3424            841 	retlw	36
0031C: 0x3438            842 	retlw	56
0031D: 0x3450            843 	retlw	80
0031E: 0x344F            844 	retlw	79
0031F: 0x3400            845 	retlw	0
00320: 0x3408            846 	retlw	8
00321: 0x34F8            847 	retlw	248
00322: 0x3488            848 	retlw	136
00323: 0x3488            849 	retlw	136
00324: 0x3488            850 	retlw	136
00325: 0x3488            851 	retlw	136
00326: 0x3470            852 	retlw	112
00327: 0x3400            853 	retlw	0
00328: 0x3420            854 	retlw	32
00329: 0x343F            855 	retlw	63
0032A: 0x3420            856 	retlw	32
0032B: 0x3400            857 	retlw	0
0032C: 0x3403            858 	retlw	3
0032D: 0x340C            859 	retlw	12
0032E: 0x3430            860 	retlw	48
0032F: 0x3420            861 	retlw	32
00330: 0x3400            862 	retlw	0
00331: 0x3470            863 	retlw	112
00332: 0x3488            864 	retlw	136
00333: 0x3408            865 	retlw	8
00334: 0x3408            866 	retlw	8
00335: 0x3408            867 	retlw	8
00336: 0x3438            868 	retlw	56
00337: 0x3400            869 	retlw	0
00338: 0x3400            870 	retlw	0
00339: 0x3438            871 	retlw	56
0033A: 0x3420            872 	retlw	32
0033B: 0x3421            873 	retlw	33
0033C: 0x3421            874 	retlw	33
0033D: 0x3422            875 	retlw	34
0033E: 0x341C            876 	retlw	28
0033F: 0x3400            877 	retlw	0
00340: 0x3418            878 	retlw	24
00341: 0x3408            879 	retlw	8
00342: 0x3408            880 	retlw	8
00343: 0x34F8            881 	retlw	248
00344: 0x3408            882 	retlw	8
00345: 0x3408            883 	retlw	8
00346: 0x3418            884 	retlw	24
00347: 0x3400            885 	retlw	0
00348: 0x3400            886 	retlw	0
00349: 0x3400            887 	retlw	0
0034A: 0x3420            888 	retlw	32
0034B: 0x343F            889 	retlw	63
0034C: 0x3420            890 	retlw	32
0034D: 0x3400            891 	retlw	0
0034E: 0x3400            892 	retlw	0
0034F: 0x3400            893 	retlw	0
00350: 0x3408            894 	retlw	8
00351: 0x34F8            895 	retlw	248
00352: 0x3408            896 	retlw	8
00353: 0x3400            897 	retlw	0
00354: 0x3400            898 	retlw	0
00355: 0x3408            899 	retlw	8
00356: 0x34F8            900 	retlw	248
00357: 0x3408            901 	retlw	8
00358: 0x3400            902 	retlw	0
00359: 0x341F            903 	retlw	31
0035A: 0x3420            904 	retlw	32
0035B: 0x3420            905 	retlw	32
0035C: 0x3420            906 	retlw	32
0035D: 0x3420            907 	retlw	32
0035E: 0x341F            908 	retlw	31
0035F: 0x3400            909 	retlw	0
00360: 0x3408            910 	retlw	8
00361: 0x3478            911 	retlw	120
00362: 0x3488            912 	retlw	136
00363: 0x3400            913 	retlw	0
00364: 0x3400            914 	retlw	0
00365: 0x34C8            915 	retlw	200
00366: 0x3438            916 	retlw	56
00367: 0x3408            917 	retlw	8
00368: 0x3400            918 	retlw	0
00369: 0x3400            919 	retlw	0
0036A: 0x3407            920 	retlw	7
0036B: 0x3438            921 	retlw	56
0036C: 0x340E            922 	retlw	14
0036D: 0x3401            923 	retlw	1
0036E: 0x3400            924 	retlw	0
0036F: 0x3400            925 	retlw	0
00370: 0x34F8            926 	retlw	248
00371: 0x3408            927 	retlw	8
00372: 0x3400            928 	retlw	0
00373: 0x34F8            929 	retlw	248
00374: 0x3400            930 	retlw	0
00375: 0x3408            931 	retlw	8
00376: 0x34F8            932 	retlw	248
00377: 0x3400            933 	retlw	0
00378: 0x3403            934 	retlw	3
00379: 0x343C            935 	retlw	60
0037A: 0x3407            936 	retlw	7
0037B: 0x3400            937 	retlw	0
0037C: 0x3407            938 	retlw	7
0037D: 0x343C            939 	retlw	60
0037E: 0x3403            940 	retlw	3
0037F: 0x3400            941 	retlw	0
00380: 0x3408            942 	retlw	8
00381: 0x3418            943 	retlw	24
00382: 0x3468            944 	retlw	104
00383: 0x3480            945 	retlw	128
00384: 0x3480            946 	retlw	128
00385: 0x3468            947 	retlw	104
00386: 0x3418            948 	retlw	24
00387: 0x3408            949 	retlw	8
00388: 0x3420            950 	retlw	32
00389: 0x3430            951 	retlw	48
0038A: 0x342C            952 	retlw	44
0038B: 0x3403            953 	retlw	3
0038C: 0x3403            954 	retlw	3
0038D: 0x342C            955 	retlw	44
0038E: 0x3430            956 	retlw	48
0038F: 0x3420            957 	retlw	32
00390: 0x3408            958 	retlw	8
00391: 0x3438            959 	retlw	56
00392: 0x34C8            960 	retlw	200
00393: 0x3400            961 	retlw	0
00394: 0x34C8            962 	retlw	200
00395: 0x3438            963 	retlw	56
00396: 0x3408            964 	retlw	8
00397: 0x3400            965 	retlw	0
00398: 0x3400            966 	retlw	0
00399: 0x3400            967 	retlw	0
0039A: 0x3420            968 	retlw	32
0039B: 0x343F            969 	retlw	63
0039C: 0x3420            970 	retlw	32
0039D: 0x3400            971 	retlw	0
0039E: 0x3400            972 	retlw	0
0039F: 0x3400            973 	retlw	0
003A0: 0x3410            974 	retlw	16
003A1: 0x3408            975 	retlw	8
003A2: 0x3408            976 	retlw	8
003A3: 0x3408            977 	retlw	8
003A4: 0x34C8            978 	retlw	200
003A5: 0x3438            979 	retlw	56
003A6: 0x3408            980 	retlw	8
003A7: 0x3400            981 	retlw	0
003A8: 0x3420            982 	retlw	32
003A9: 0x3438            983 	retlw	56
003AA: 0x3426            984 	retlw	38
003AB: 0x3421            985 	retlw	33
003AC: 0x3420            986 	retlw	32
003AD: 0x3420            987 	retlw	32
003AE: 0x3418            988 	retlw	24
003AF: 0x3400            989 	retlw	0
003B0: 0x3400            990 	retlw	0
003B1: 0x3400            991 	retlw	0
003B2: 0x3400            992 	retlw	0
003B3: 0x34FE            993 	retlw	254
003B4: 0x3402            994 	retlw	2
003B5: 0x3402            995 	retlw	2
003B6: 0x3402            996 	retlw	2
003B7: 0x3400            997 	retlw	0
003B8: 0x3400            998 	retlw	0
003B9: 0x3400            999 	retlw	0
003BA: 0x3400            1000 	retlw	0
003BB: 0x347F            1001 	retlw	127
003BC: 0x3440            1002 	retlw	64
003BD: 0x3440            1003 	retlw	64
003BE: 0x3440            1004 	retlw	64
003BF: 0x3400            1005 	retlw	0
003C0: 0x3400            1006 	retlw	0
003C1: 0x340C            1007 	retlw	12
003C2: 0x3430            1008 	retlw	48
003C3: 0x34C0            1009 	retlw	192
003C4: 0x3400            1010 	retlw	0
003C5: 0x3400            1011 	retlw	0
003C6: 0x3400            1012 	retlw	0
003C7: 0x3400            1013 	retlw	0
003C8: 0x3400            1014 	retlw	0
003C9: 0x3400            1015 	retlw	0
003CA: 0x3400            1016 	retlw	0
003CB: 0x3401            1017 	retlw	1
003CC: 0x3406            1018 	retlw	6
003CD: 0x3438            1019 	retlw	56
003CE: 0x34C0            1020 	retlw	192
003CF: 0x3400            1021 	retlw	0
003D0: 0x3400            1022 	retlw	0
003D1: 0x3402            1023 	retlw	2
003D2: 0x3402            1024 	retlw	2
003D3: 0x3402            1025 	retlw	2
003D4: 0x34FE            1026 	retlw	254
003D5: 0x3400            1027 	retlw	0
003D6: 0x3400            1028 	retlw	0
003D7: 0x3400            1029 	retlw	0
003D8: 0x3400            1030 	retlw	0
003D9: 0x3440            1031 	retlw	64
003DA: 0x3440            1032 	retlw	64
003DB: 0x3440            1033 	retlw	64
003DC: 0x347F            1034 	retlw	127
003DD: 0x3400            1035 	retlw	0
003DE: 0x3400            1036 	retlw	0
003DF: 0x3400            1037 	retlw	0
003E0: 0x3400            1038 	retlw	0
003E1: 0x3400            1039 	retlw	0
003E2: 0x3404            1040 	retlw	4
003E3: 0x3402            1041 	retlw	2
003E4: 0x3402            1042 	retlw	2
003E5: 0x3402            1043 	retlw	2
003E6: 0x3404            1044 	retlw	4
003E7: 0x3400            1045 	retlw	0
003E8: 0x3400            1046 	retlw	0
003E9: 0x3400            1047 	retlw	0
003EA: 0x3400            1048 	retlw	0
003EB: 0x3400            1049 	retlw	0
003EC: 0x3400            1050 	retlw	0
003ED: 0x3400            1051 	retlw	0
003EE: 0x3400            1052 	retlw	0
003EF: 0x3400            1053 	retlw	0
003F0: 0x3400            1054 	retlw	0
003F1: 0x3400            1055 	retlw	0
003F2: 0x3400            1056 	retlw	0
003F3: 0x3400            1057 	retlw	0
003F4: 0x3400            1058 	retlw	0
003F5: 0x3400            1059 	retlw	0
003F6: 0x3400            1060 	retlw	0
003F7: 0x3400            1061 	retlw	0
003F8: 0x3480            1062 	retlw	128
003F9: 0x3480            1063 	retlw	128
003FA: 0x3480            1064 	retlw	128
003FB: 0x3480            1065 	retlw	128
003FC: 0x3480            1066 	retlw	128
003FD: 0x3480            1067 	retlw	128
003FE: 0x3480            1068 	retlw	128
003FF: 0x3480            1069 	retlw	128
00400: 0x3400            1070 	retlw	0
00401: 0x3402            1071 	retlw	2
00402: 0x3402            1072 	retlw	2
00403: 0x3404            1073 	retlw	4
00404: 0x3400            1074 	retlw	0
00405: 0x3400            1075 	retlw	0
00406: 0x3400            1076 	retlw	0
00407: 0x3400            1077 	retlw	0
00408: 0x3400            1078 	retlw	0
00409: 0x3400            1079 	retlw	0
0040A: 0x3400            1080 	retlw	0
0040B: 0x3400            1081 	retlw	0
0040C: 0x3400            1082 	retlw	0
0040D: 0x3400            1083 	retlw	0
0040E: 0x3400            1084 	retlw	0
0040F: 0x3400            1085 	retlw	0
00410: 0x3400            1086 	retlw	0
00411: 0x3400            1087 	retlw	0
00412: 0x3480            1088 	retlw	128
00413: 0x3480            1089 	retlw	128
00414: 0x3480            1090 	retlw	128
00415: 0x3480            1091 	retlw	128
00416: 0x3400            1092 	retlw	0
00417: 0x3400            1093 	retlw	0
00418: 0x3400            1094 	retlw	0
00419: 0x3419            1095 	retlw	25
0041A: 0x3424            1096 	retlw	36
0041B: 0x3422            1097 	retlw	34
0041C: 0x3422            1098 	retlw	34
0041D: 0x3422            1099 	retlw	34
0041E: 0x343F            1100 	retlw	63
0041F: 0x3420            1101 	retlw	32
00420: 0x3408            1102 	retlw	8
00421: 0x34F8            1103 	retlw	248
00422: 0x3400            1104 	retlw	0
00423: 0x3480            1105 	retlw	128
00424: 0x3480            1106 	retlw	128
00425: 0x3400            1107 	retlw	0
00426: 0x3400            1108 	retlw	0
00427: 0x3400            1109 	retlw	0
00428: 0x3400            1110 	retlw	0
00429: 0x343F            1111 	retlw	63
0042A: 0x3411            1112 	retlw	17
0042B: 0x3420            1113 	retlw	32
0042C: 0x3420            1114 	retlw	32
0042D: 0x3411            1115 	retlw	17
0042E: 0x340E            1116 	retlw	14
0042F: 0x3400            1117 	retlw	0
00430: 0x3400            1118 	retlw	0
00431: 0x3400            1119 	retlw	0
00432: 0x3400            1120 	retlw	0
00433: 0x3480            1121 	retlw	128
00434: 0x3480            1122 	retlw	128
00435: 0x3480            1123 	retlw	128
00436: 0x3400            1124 	retlw	0
00437: 0x3400            1125 	retlw	0
00438: 0x3400            1126 	retlw	0
00439: 0x340E            1127 	retlw	14
0043A: 0x3411            1128 	retlw	17
0043B: 0x3420            1129 	retlw	32
0043C: 0x3420            1130 	retlw	32
0043D: 0x3420            1131 	retlw	32
0043E: 0x3411            1132 	retlw	17
0043F: 0x3400            1133 	retlw	0
00440: 0x3400            1134 	retlw	0
00441: 0x3400            1135 	retlw	0
00442: 0x3400            1136 	retlw	0
00443: 0x3480            1137 	retlw	128
00444: 0x3480            1138 	retlw	128
00445: 0x3488            1139 	retlw	136
00446: 0x34F8            1140 	retlw	248
00447: 0x3400            1141 	retlw	0
00448: 0x3400            1142 	retlw	0
00449: 0x340E            1143 	retlw	14
0044A: 0x3411            1144 	retlw	17
0044B: 0x3420            1145 	retlw	32
0044C: 0x3420            1146 	retlw	32
0044D: 0x3410            1147 	retlw	16
0044E: 0x343F            1148 	retlw	63
0044F: 0x3420            1149 	retlw	32
00450: 0x3400            1150 	retlw	0
00451: 0x3400            1151 	retlw	0
00452: 0x3480            1152 	retlw	128
00453: 0x3480            1153 	retlw	128
00454: 0x3480            1154 	retlw	128
00455: 0x3480            1155 	retlw	128
00456: 0x3400            1156 	retlw	0
00457: 0x3400            1157 	retlw	0
00458: 0x3400            1158 	retlw	0
00459: 0x341F            1159 	retlw	31
0045A: 0x3422            1160 	retlw	34
0045B: 0x3422            1161 	retlw	34
0045C: 0x3422            1162 	retlw	34
0045D: 0x3422            1163 	retlw	34
0045E: 0x3413            1164 	retlw	19
0045F: 0x3400            1165 	retlw	0
00460: 0x3400            1166 	retlw	0
00461: 0x3480            1167 	retlw	128
00462: 0x3480            1168 	retlw	128
00463: 0x34F0            1169 	retlw	240
00464: 0x3488            1170 	retlw	136
00465: 0x3488            1171 	retlw	136
00466: 0x3488            1172 	retlw	136
00467: 0x3418            1173 	retlw	24
00468: 0x3400            1174 	retlw	0
00469: 0x3420            1175 	retlw	32
0046A: 0x3420            1176 	retlw	32
0046B: 0x343F            1177 	retlw	63
0046C: 0x3420            1178 	retlw	32
0046D: 0x3420            1179 	retlw	32
0046E: 0x3400            1180 	retlw	0
0046F: 0x3400            1181 	retlw	0
00470: 0x3400            1182 	retlw	0
00471: 0x3400            1183 	retlw	0
00472: 0x3480            1184 	retlw	128
00473: 0x3480            1185 	retlw	128
00474: 0x3480            1186 	retlw	128
00475: 0x3480            1187 	retlw	128
00476: 0x3480            1188 	retlw	128
00477: 0x3400            1189 	retlw	0
00478: 0x3400            1190 	retlw	0
00479: 0x346B            1191 	retlw	107
0047A: 0x3494            1192 	retlw	148
0047B: 0x3494            1193 	retlw	148
0047C: 0x3494            1194 	retlw	148
0047D: 0x3493            1195 	retlw	147
0047E: 0x3460            1196 	retlw	96
0047F: 0x3400            1197 	retlw	0
00480: 0x3408            1198 	retlw	8
00481: 0x34F8            1199 	retlw	248
00482: 0x3400            1200 	retlw	0
00483: 0x3480            1201 	retlw	128
00484: 0x3480            1202 	retlw	128
00485: 0x3480            1203 	retlw	128
00486: 0x3400            1204 	retlw	0
00487: 0x3400            1205 	retlw	0
00488: 0x3420            1206 	retlw	32
00489: 0x343F            1207 	retlw	63
0048A: 0x3421            1208 	retlw	33
0048B: 0x3400            1209 	retlw	0
0048C: 0x3400            1210 	retlw	0
0048D: 0x3420            1211 	retlw	32
0048E: 0x343F            1212 	retlw	63
0048F: 0x3420            1213 	retlw	32
00490: 0x3400            1214 	retlw	0
00491: 0x3480            1215 	retlw	128
00492: 0x3498            1216 	retlw	152
00493: 0x3498            1217 	retlw	152
00494: 0x3400            1218 	retlw	0
00495: 0x3400            1219 	retlw	0
00496: 0x3400            1220 	retlw	0
00497: 0x3400            1221 	retlw	0
00498: 0x3400            1222 	retlw	0
00499: 0x3420            1223 	retlw	32
0049A: 0x3420            1224 	retlw	32
0049B: 0x343F            1225 	retlw	63
0049C: 0x3420            1226 	retlw	32
0049D: 0x3420            1227 	retlw	32
0049E: 0x3400            1228 	retlw	0
0049F: 0x3400            1229 	retlw	0
004A0: 0x3400            1230 	retlw	0
004A1: 0x3400            1231 	retlw	0
004A2: 0x3400            1232 	retlw	0
004A3: 0x3480            1233 	retlw	128
004A4: 0x3498            1234 	retlw	152
004A5: 0x3498            1235 	retlw	152
004A6: 0x3400            1236 	retlw	0
004A7: 0x3400            1237 	retlw	0
004A8: 0x3400            1238 	retlw	0
004A9: 0x34C0            1239 	retlw	192
004AA: 0x3480            1240 	retlw	128
004AB: 0x3480            1241 	retlw	128
004AC: 0x3480            1242 	retlw	128
004AD: 0x347F            1243 	retlw	127
004AE: 0x3400            1244 	retlw	0
004AF: 0x3400            1245 	retlw	0
004B0: 0x3408            1246 	retlw	8
004B1: 0x34F8            1247 	retlw	248
004B2: 0x3400            1248 	retlw	0
004B3: 0x3400            1249 	retlw	0
004B4: 0x3480            1250 	retlw	128
004B5: 0x3480            1251 	retlw	128
004B6: 0x3480            1252 	retlw	128
004B7: 0x3400            1253 	retlw	0
004B8: 0x3420            1254 	retlw	32
004B9: 0x343F            1255 	retlw	63
004BA: 0x3424            1256 	retlw	36
004BB: 0x3402            1257 	retlw	2
004BC: 0x342D            1258 	retlw	45
004BD: 0x3430            1259 	retlw	48
004BE: 0x3420            1260 	retlw	32
004BF: 0x3400            1261 	retlw	0
004C0: 0x3400            1262 	retlw	0
004C1: 0x3408            1263 	retlw	8
004C2: 0x3408            1264 	retlw	8
004C3: 0x34F8            1265 	retlw	248
004C4: 0x3400            1266 	retlw	0
004C5: 0x3400            1267 	retlw	0
004C6: 0x3400            1268 	retlw	0
004C7: 0x3400            1269 	retlw	0
004C8: 0x3400            1270 	retlw	0
004C9: 0x3420            1271 	retlw	32
004CA: 0x3420            1272 	retlw	32
004CB: 0x343F            1273 	retlw	63
004CC: 0x3420            1274 	retlw	32
004CD: 0x3420            1275 	retlw	32
004CE: 0x3400            1276 	retlw	0
004CF: 0x3400            1277 	retlw	0
004D0: 0x3480            1278 	retlw	128
004D1: 0x3480            1279 	retlw	128
004D2: 0x3480            1280 	retlw	128
004D3: 0x3480            1281 	retlw	128
004D4: 0x3480            1282 	retlw	128
004D5: 0x3480            1283 	retlw	128
004D6: 0x3480            1284 	retlw	128
004D7: 0x3400            1285 	retlw	0
004D8: 0x3420            1286 	retlw	32
004D9: 0x343F            1287 	retlw	63
004DA: 0x3420            1288 	retlw	32
004DB: 0x3400            1289 	retlw	0
004DC: 0x343F            1290 	retlw	63
004DD: 0x3420            1291 	retlw	32
004DE: 0x3400            1292 	retlw	0
004DF: 0x343F            1293 	retlw	63
004E0: 0x3480            1294 	retlw	128
004E1: 0x3480            1295 	retlw	128
004E2: 0x3400            1296 	retlw	0
004E3: 0x3480            1297 	retlw	128
004E4: 0x3480            1298 	retlw	128
004E5: 0x3480            1299 	retlw	128
004E6: 0x3400            1300 	retlw	0
004E7: 0x3400            1301 	retlw	0
004E8: 0x3420            1302 	retlw	32
004E9: 0x343F            1303 	retlw	63
004EA: 0x3421            1304 	retlw	33
004EB: 0x3400            1305 	retlw	0
004EC: 0x3400            1306 	retlw	0
004ED: 0x3420            1307 	retlw	32
004EE: 0x343F            1308 	retlw	63
004EF: 0x3420            1309 	retlw	32
004F0: 0x3400            1310 	retlw	0
004F1: 0x3400            1311 	retlw	0
004F2: 0x3480            1312 	retlw	128
004F3: 0x3480            1313 	retlw	128
004F4: 0x3480            1314 	retlw	128
004F5: 0x3480            1315 	retlw	128
004F6: 0x3400            1316 	retlw	0
004F7: 0x3400            1317 	retlw	0
004F8: 0x3400            1318 	retlw	0
004F9: 0x341F            1319 	retlw	31
004FA: 0x3420            1320 	retlw	32
004FB: 0x3420            1321 	retlw	32
004FC: 0x3420            1322 	retlw	32
004FD: 0x3420            1323 	retlw	32
004FE: 0x341F            1324 	retlw	31
004FF: 0x3400            1325 	retlw	0
00500: 0x3480            1326 	retlw	128
00501: 0x3480            1327 	retlw	128
00502: 0x3400            1328 	retlw	0
00503: 0x3480            1329 	retlw	128
00504: 0x3480            1330 	retlw	128
00505: 0x3400            1331 	retlw	0
00506: 0x3400            1332 	retlw	0
00507: 0x3400            1333 	retlw	0
00508: 0x3480            1334 	retlw	128
00509: 0x34FF            1335 	retlw	255
0050A: 0x34A1            1336 	retlw	161
0050B: 0x3420            1337 	retlw	32
0050C: 0x3420            1338 	retlw	32
0050D: 0x3411            1339 	retlw	17
0050E: 0x340E            1340 	retlw	14
0050F: 0x3400            1341 	retlw	0
00510: 0x3400            1342 	retlw	0
00511: 0x3400            1343 	retlw	0
00512: 0x3400            1344 	retlw	0
00513: 0x3480            1345 	retlw	128
00514: 0x3480            1346 	retlw	128
00515: 0x3480            1347 	retlw	128
00516: 0x3480            1348 	retlw	128
00517: 0x3400            1349 	retlw	0
00518: 0x3400            1350 	retlw	0
00519: 0x340E            1351 	retlw	14
0051A: 0x3411            1352 	retlw	17
0051B: 0x3420            1353 	retlw	32
0051C: 0x3420            1354 	retlw	32
0051D: 0x34A0            1355 	retlw	160
0051E: 0x34FF            1356 	retlw	255
0051F: 0x3480            1357 	retlw	128
00520: 0x3480            1358 	retlw	128
00521: 0x3480            1359 	retlw	128
00522: 0x3480            1360 	retlw	128
00523: 0x3400            1361 	retlw	0
00524: 0x3480            1362 	retlw	128
00525: 0x3480            1363 	retlw	128
00526: 0x3480            1364 	retlw	128
00527: 0x3400            1365 	retlw	0
00528: 0x3420            1366 	retlw	32
00529: 0x3420            1367 	retlw	32
0052A: 0x343F            1368 	retlw	63
0052B: 0x3421            1369 	retlw	33
0052C: 0x3420            1370 	retlw	32
0052D: 0x3400            1371 	retlw	0
0052E: 0x3401            1372 	retlw	1
0052F: 0x3400            1373 	retlw	0
00530: 0x3400            1374 	retlw	0
00531: 0x3400            1375 	retlw	0
00532: 0x3480            1376 	retlw	128
00533: 0x3480            1377 	retlw	128
00534: 0x3480            1378 	retlw	128
00535: 0x3480            1379 	retlw	128
00536: 0x3480            1380 	retlw	128
00537: 0x3400            1381 	retlw	0
00538: 0x3400            1382 	retlw	0
00539: 0x3433            1383 	retlw	51
0053A: 0x3424            1384 	retlw	36
0053B: 0x3424            1385 	retlw	36
0053C: 0x3424            1386 	retlw	36
0053D: 0x3424            1387 	retlw	36
0053E: 0x3419            1388 	retlw	25
0053F: 0x3400            1389 	retlw	0
00540: 0x3400            1390 	retlw	0
00541: 0x3480            1391 	retlw	128
00542: 0x3480            1392 	retlw	128
00543: 0x34E0            1393 	retlw	224
00544: 0x3480            1394 	retlw	128
00545: 0x3480            1395 	retlw	128
00546: 0x3400            1396 	retlw	0
00547: 0x3400            1397 	retlw	0
00548: 0x3400            1398 	retlw	0
00549: 0x3400            1399 	retlw	0
0054A: 0x3400            1400 	retlw	0
0054B: 0x341F            1401 	retlw	31
0054C: 0x3420            1402 	retlw	32
0054D: 0x3420            1403 	retlw	32
0054E: 0x3400            1404 	retlw	0
0054F: 0x3400            1405 	retlw	0
00550: 0x3480            1406 	retlw	128
00551: 0x3480            1407 	retlw	128
00552: 0x3400            1408 	retlw	0
00553: 0x3400            1409 	retlw	0
00554: 0x3400            1410 	retlw	0
00555: 0x3480            1411 	retlw	128
00556: 0x3480            1412 	retlw	128
00557: 0x3400            1413 	retlw	0
00558: 0x3400            1414 	retlw	0
00559: 0x341F            1415 	retlw	31
0055A: 0x3420            1416 	retlw	32
0055B: 0x3420            1417 	retlw	32
0055C: 0x3420            1418 	retlw	32
0055D: 0x3410            1419 	retlw	16
0055E: 0x343F            1420 	retlw	63
0055F: 0x3420            1421 	retlw	32
00560: 0x3480            1422 	retlw	128
00561: 0x3480            1423 	retlw	128
00562: 0x3480            1424 	retlw	128
00563: 0x3400            1425 	retlw	0
00564: 0x3400            1426 	retlw	0
00565: 0x3480            1427 	retlw	128
00566: 0x3480            1428 	retlw	128
00567: 0x3480            1429 	retlw	128
00568: 0x3400            1430 	retlw	0
00569: 0x3401            1431 	retlw	1
0056A: 0x340E            1432 	retlw	14
0056B: 0x3430            1433 	retlw	48
0056C: 0x3408            1434 	retlw	8
0056D: 0x3406            1435 	retlw	6
0056E: 0x3401            1436 	retlw	1
0056F: 0x3400            1437 	retlw	0
00570: 0x3480            1438 	retlw	128
00571: 0x3480            1439 	retlw	128
00572: 0x3400            1440 	retlw	0
00573: 0x3480            1441 	retlw	128
00574: 0x3400            1442 	retlw	0
00575: 0x3480            1443 	retlw	128
00576: 0x3480            1444 	retlw	128
00577: 0x3480            1445 	retlw	128
00578: 0x340F            1446 	retlw	15
00579: 0x3430            1447 	retlw	48
0057A: 0x340C            1448 	retlw	12
0057B: 0x3403            1449 	retlw	3
0057C: 0x340C            1450 	retlw	12
0057D: 0x3430            1451 	retlw	48
0057E: 0x340F            1452 	retlw	15
0057F: 0x3400            1453 	retlw	0
00580: 0x3400            1454 	retlw	0
00581: 0x3480            1455 	retlw	128
00582: 0x3480            1456 	retlw	128
00583: 0x3400            1457 	retlw	0
00584: 0x3480            1458 	retlw	128
00585: 0x3480            1459 	retlw	128
00586: 0x3480            1460 	retlw	128
00587: 0x3400            1461 	retlw	0
00588: 0x3400            1462 	retlw	0
00589: 0x3420            1463 	retlw	32
0058A: 0x3431            1464 	retlw	49
0058B: 0x342E            1465 	retlw	46
0058C: 0x340E            1466 	retlw	14
0058D: 0x3431            1467 	retlw	49
0058E: 0x3420            1468 	retlw	32
0058F: 0x3400            1469 	retlw	0
00590: 0x3480            1470 	retlw	128
00591: 0x3480            1471 	retlw	128
00592: 0x3480            1472 	retlw	128
00593: 0x3400            1473 	retlw	0
00594: 0x3400            1474 	retlw	0
00595: 0x3480            1475 	retlw	128
00596: 0x3480            1476 	retlw	128
00597: 0x3480            1477 	retlw	128
00598: 0x3480            1478 	retlw	128
00599: 0x3481            1479 	retlw	129
0059A: 0x348E            1480 	retlw	142
0059B: 0x3470            1481 	retlw	112
0059C: 0x3418            1482 	retlw	24
0059D: 0x3406            1483 	retlw	6
0059E: 0x3401            1484 	retlw	1
0059F: 0x3400            1485 	retlw	0
005A0: 0x3400            1486 	retlw	0
005A1: 0x3480            1487 	retlw	128
005A2: 0x3480            1488 	retlw	128
005A3: 0x3480            1489 	retlw	128
005A4: 0x3480            1490 	retlw	128
005A5: 0x3480            1491 	retlw	128
005A6: 0x3480            1492 	retlw	128
005A7: 0x3400            1493 	retlw	0
005A8: 0x3400            1494 	retlw	0
005A9: 0x3421            1495 	retlw	33
005AA: 0x3430            1496 	retlw	48
005AB: 0x342C            1497 	retlw	44
005AC: 0x3422            1498 	retlw	34
005AD: 0x3421            1499 	retlw	33
005AE: 0x3430            1500 	retlw	48
005AF: 0x3400            1501 	retlw	0
005B0: 0x3400            1502 	retlw	0
005B1: 0x3400            1503 	retlw	0
005B2: 0x3400            1504 	retlw	0
005B3: 0x3400            1505 	retlw	0
005B4: 0x3480            1506 	retlw	128
005B5: 0x347C            1507 	retlw	124
005B6: 0x3402            1508 	retlw	2
005B7: 0x3402            1509 	retlw	2
005B8: 0x3400            1510 	retlw	0
005B9: 0x3400            1511 	retlw	0
005BA: 0x3400            1512 	retlw	0
005BB: 0x3400            1513 	retlw	0
005BC: 0x3400            1514 	retlw	0
005BD: 0x343F            1515 	retlw	63
005BE: 0x3440            1516 	retlw	64
005BF: 0x3440            1517 	retlw	64
005C0: 0x3400            1518 	retlw	0
005C1: 0x3400            1519 	retlw	0
005C2: 0x3400            1520 	retlw	0
005C3: 0x3400            1521 	retlw	0
005C4: 0x34FF            1522 	retlw	255
005C5: 0x3400            1523 	retlw	0
005C6: 0x3400            1524 	retlw	0
005C7: 0x3400            1525 	retlw	0
005C8: 0x3400            1526 	retlw	0
005C9: 0x3400            1527 	retlw	0
005CA: 0x3400            1528 	retlw	0
005CB: 0x3400            1529 	retlw	0
005CC: 0x34FF            1530 	retlw	255
005CD: 0x3400            1531 	retlw	0
005CE: 0x3400            1532 	retlw	0
005CF: 0x3400            1533 	retlw	0
005D0: 0x3400            1534 	retlw	0
005D1: 0x3402            1535 	retlw	2
005D2: 0x3402            1536 	retlw	2
005D3: 0x347C            1537 	retlw	124
005D4: 0x3480            1538 	retlw	128
005D5: 0x3400            1539 	retlw	0
005D6: 0x3400            1540 	retlw	0
005D7: 0x3400            1541 	retlw	0
005D8: 0x3400            1542 	retlw	0
005D9: 0x3440            1543 	retlw	64
005DA: 0x3440            1544 	retlw	64
005DB: 0x343F            1545 	retlw	63
005DC: 0x3400            1546 	retlw	0
005DD: 0x3400            1547 	retlw	0
005DE: 0x3400            1548 	retlw	0
005DF: 0x3400            1549 	retlw	0
005E0: 0x3400            1550 	retlw	0
005E1: 0x3406            1551 	retlw	6
005E2: 0x3401            1552 	retlw	1
005E3: 0x3401            1553 	retlw	1
005E4: 0x3402            1554 	retlw	2
005E5: 0x3402            1555 	retlw	2
005E6: 0x3404            1556 	retlw	4
005E7: 0x3404            1557 	retlw	4
005E8: 0x3400            1558 	retlw	0
005E9: 0x3400            1559 	retlw	0
005EA: 0x3400            1560 	retlw	0
005EB: 0x3400            1561 	retlw	0
005EC: 0x3400            1562 	retlw	0
005ED: 0x3400            1563 	retlw	0
005EE: 0x3400            1564 	retlw	0
005EF: 0x3400            1565 	retlw	0
                         1566 
                         1567 	.segment	CONSTi (REL) FONT_6x8
                         1568 FONT_6x8::
00000: 0x3400            1569 	retlw	0
00001: 0x3400            1570 	retlw	0
00002: 0x3400            1571 	retlw	0
00003: 0x3400            1572 	retlw	0
00004: 0x3400            1573 	retlw	0
00005: 0x3400            1574 	retlw	0
00006: 0x3400            1575 	retlw	0
00007: 0x3400            1576 	retlw	0
00008: 0x3400            1577 	retlw	0
00009: 0x342F            1578 	retlw	47
0000A: 0x3400            1579 	retlw	0
0000B: 0x3400            1580 	retlw	0
0000C: 0x3400            1581 	retlw	0
0000D: 0x3400            1582 	retlw	0
0000E: 0x3407            1583 	retlw	7
0000F: 0x3400            1584 	retlw	0
00010: 0x3407            1585 	retlw	7
00011: 0x3400            1586 	retlw	0
00012: 0x3400            1587 	retlw	0
00013: 0x3414            1588 	retlw	20
00014: 0x347F            1589 	retlw	127
00015: 0x3414            1590 	retlw	20
00016: 0x347F            1591 	retlw	127
00017: 0x3414            1592 	retlw	20
00018: 0x3400            1593 	retlw	0
00019: 0x3424            1594 	retlw	36
0001A: 0x342A            1595 	retlw	42
0001B: 0x347F            1596 	retlw	127
0001C: 0x342A            1597 	retlw	42
0001D: 0x3412            1598 	retlw	18
0001E: 0x3400            1599 	retlw	0
0001F: 0x3423            1600 	retlw	35
00020: 0x3413            1601 	retlw	19
00021: 0x3408            1602 	retlw	8
00022: 0x3464            1603 	retlw	100
00023: 0x3462            1604 	retlw	98
00024: 0x3400            1605 	retlw	0
00025: 0x3436            1606 	retlw	54
00026: 0x3449            1607 	retlw	73
00027: 0x3455            1608 	retlw	85
00028: 0x3422            1609 	retlw	34
00029: 0x3450            1610 	retlw	80
0002A: 0x3400            1611 	retlw	0
0002B: 0x3400            1612 	retlw	0
0002C: 0x3405            1613 	retlw	5
0002D: 0x3403            1614 	retlw	3
0002E: 0x3400            1615 	retlw	0
0002F: 0x3400            1616 	retlw	0
00030: 0x3400            1617 	retlw	0
00031: 0x3400            1618 	retlw	0
00032: 0x341C            1619 	retlw	28
00033: 0x3422            1620 	retlw	34
00034: 0x3441            1621 	retlw	65
00035: 0x3400            1622 	retlw	0
00036: 0x3400            1623 	retlw	0
00037: 0x3400            1624 	retlw	0
00038: 0x3441            1625 	retlw	65
00039: 0x3422            1626 	retlw	34
0003A: 0x341C            1627 	retlw	28
0003B: 0x3400            1628 	retlw	0
0003C: 0x3400            1629 	retlw	0
0003D: 0x3414            1630 	retlw	20
0003E: 0x3408            1631 	retlw	8
0003F: 0x343E            1632 	retlw	62
00040: 0x3408            1633 	retlw	8
00041: 0x3414            1634 	retlw	20
00042: 0x3400            1635 	retlw	0
00043: 0x3408            1636 	retlw	8
00044: 0x3408            1637 	retlw	8
00045: 0x343E            1638 	retlw	62
00046: 0x3408            1639 	retlw	8
00047: 0x3408            1640 	retlw	8
00048: 0x3400            1641 	retlw	0
00049: 0x3400            1642 	retlw	0
0004A: 0x3400            1643 	retlw	0
0004B: 0x34A0            1644 	retlw	160
0004C: 0x3460            1645 	retlw	96
0004D: 0x3400            1646 	retlw	0
0004E: 0x3400            1647 	retlw	0
0004F: 0x3408            1648 	retlw	8
00050: 0x3408            1649 	retlw	8
00051: 0x3408            1650 	retlw	8
00052: 0x3408            1651 	retlw	8
00053: 0x3408            1652 	retlw	8
00054: 0x3400            1653 	retlw	0
00055: 0x3400            1654 	retlw	0
00056: 0x3460            1655 	retlw	96
00057: 0x3460            1656 	retlw	96
00058: 0x3400            1657 	retlw	0
00059: 0x3400            1658 	retlw	0
0005A: 0x3400            1659 	retlw	0
0005B: 0x3420            1660 	retlw	32
0005C: 0x3410            1661 	retlw	16
0005D: 0x3408            1662 	retlw	8
0005E: 0x3404            1663 	retlw	4
0005F: 0x3402            1664 	retlw	2
00060: 0x3400            1665 	retlw	0
00061: 0x343E            1666 	retlw	62
00062: 0x3451            1667 	retlw	81
00063: 0x3449            1668 	retlw	73
00064: 0x3445            1669 	retlw	69
00065: 0x343E            1670 	retlw	62
00066: 0x3400            1671 	retlw	0
00067: 0x3400            1672 	retlw	0
00068: 0x3442            1673 	retlw	66
00069: 0x347F            1674 	retlw	127
0006A: 0x3440            1675 	retlw	64
0006B: 0x3400            1676 	retlw	0
0006C: 0x3400            1677 	retlw	0
0006D: 0x3442            1678 	retlw	66
0006E: 0x3461            1679 	retlw	97
0006F: 0x3451            1680 	retlw	81
00070: 0x3449            1681 	retlw	73
00071: 0x3446            1682 	retlw	70
00072: 0x3400            1683 	retlw	0
00073: 0x3421            1684 	retlw	33
00074: 0x3441            1685 	retlw	65
00075: 0x3445            1686 	retlw	69
00076: 0x344B            1687 	retlw	75
00077: 0x3431            1688 	retlw	49
00078: 0x3400            1689 	retlw	0
00079: 0x3418            1690 	retlw	24
0007A: 0x3414            1691 	retlw	20
0007B: 0x3412            1692 	retlw	18
0007C: 0x347F            1693 	retlw	127
0007D: 0x3410            1694 	retlw	16
0007E: 0x3400            1695 	retlw	0
0007F: 0x3427            1696 	retlw	39
00080: 0x3445            1697 	retlw	69
00081: 0x3445            1698 	retlw	69
00082: 0x3445            1699 	retlw	69
00083: 0x3439            1700 	retlw	57
00084: 0x3400            1701 	retlw	0
00085: 0x343C            1702 	retlw	60
00086: 0x344A            1703 	retlw	74
00087: 0x3449            1704 	retlw	73
00088: 0x3449            1705 	retlw	73
00089: 0x3430            1706 	retlw	48
0008A: 0x3400            1707 	retlw	0
0008B: 0x3401            1708 	retlw	1
0008C: 0x3471            1709 	retlw	113
0008D: 0x3409            1710 	retlw	9
0008E: 0x3405            1711 	retlw	5
0008F: 0x3403            1712 	retlw	3
00090: 0x3400            1713 	retlw	0
00091: 0x3436            1714 	retlw	54
00092: 0x3449            1715 	retlw	73
00093: 0x3449            1716 	retlw	73
00094: 0x3449            1717 	retlw	73
00095: 0x3436            1718 	retlw	54
00096: 0x3400            1719 	retlw	0
00097: 0x3406            1720 	retlw	6
00098: 0x3449            1721 	retlw	73
00099: 0x3449            1722 	retlw	73
0009A: 0x3429            1723 	retlw	41
0009B: 0x341E            1724 	retlw	30
0009C: 0x3400            1725 	retlw	0
0009D: 0x3400            1726 	retlw	0
0009E: 0x3436            1727 	retlw	54
0009F: 0x3436            1728 	retlw	54
000A0: 0x3400            1729 	retlw	0
000A1: 0x3400            1730 	retlw	0
000A2: 0x3400            1731 	retlw	0
000A3: 0x3400            1732 	retlw	0
000A4: 0x3456            1733 	retlw	86
000A5: 0x3436            1734 	retlw	54
000A6: 0x3400            1735 	retlw	0
000A7: 0x3400            1736 	retlw	0
000A8: 0x3400            1737 	retlw	0
000A9: 0x3408            1738 	retlw	8
000AA: 0x3414            1739 	retlw	20
000AB: 0x3422            1740 	retlw	34
000AC: 0x3441            1741 	retlw	65
000AD: 0x3400            1742 	retlw	0
000AE: 0x3400            1743 	retlw	0
000AF: 0x3414            1744 	retlw	20
000B0: 0x3414            1745 	retlw	20
000B1: 0x3414            1746 	retlw	20
000B2: 0x3414            1747 	retlw	20
000B3: 0x3414            1748 	retlw	20
000B4: 0x3400            1749 	retlw	0
000B5: 0x3400            1750 	retlw	0
000B6: 0x3441            1751 	retlw	65
000B7: 0x3422            1752 	retlw	34
000B8: 0x3414            1753 	retlw	20
000B9: 0x3408            1754 	retlw	8
000BA: 0x3400            1755 	retlw	0
000BB: 0x3402            1756 	retlw	2
000BC: 0x3401            1757 	retlw	1
000BD: 0x3451            1758 	retlw	81
000BE: 0x3409            1759 	retlw	9
000BF: 0x3406            1760 	retlw	6
000C0: 0x3400            1761 	retlw	0
000C1: 0x3432            1762 	retlw	50
000C2: 0x3449            1763 	retlw	73
000C3: 0x3459            1764 	retlw	89
000C4: 0x3451            1765 	retlw	81
000C5: 0x343E            1766 	retlw	62
000C6: 0x3400            1767 	retlw	0
000C7: 0x347C            1768 	retlw	124
000C8: 0x3412            1769 	retlw	18
000C9: 0x3411            1770 	retlw	17
000CA: 0x3412            1771 	retlw	18
000CB: 0x347C            1772 	retlw	124
000CC: 0x3400            1773 	retlw	0
000CD: 0x347F            1774 	retlw	127
000CE: 0x3449            1775 	retlw	73
000CF: 0x3449            1776 	retlw	73
000D0: 0x3449            1777 	retlw	73
000D1: 0x3436            1778 	retlw	54
000D2: 0x3400            1779 	retlw	0
000D3: 0x343E            1780 	retlw	62
000D4: 0x3441            1781 	retlw	65
000D5: 0x3441            1782 	retlw	65
000D6: 0x3441            1783 	retlw	65
000D7: 0x3422            1784 	retlw	34
000D8: 0x3400            1785 	retlw	0
000D9: 0x347F            1786 	retlw	127
000DA: 0x3441            1787 	retlw	65
000DB: 0x3441            1788 	retlw	65
000DC: 0x3422            1789 	retlw	34
000DD: 0x341C            1790 	retlw	28
000DE: 0x3400            1791 	retlw	0
000DF: 0x347F            1792 	retlw	127
000E0: 0x3449            1793 	retlw	73
000E1: 0x3449            1794 	retlw	73
000E2: 0x3449            1795 	retlw	73
000E3: 0x3441            1796 	retlw	65
000E4: 0x3400            1797 	retlw	0
000E5: 0x347F            1798 	retlw	127
000E6: 0x3409            1799 	retlw	9
000E7: 0x3409            1800 	retlw	9
000E8: 0x3409            1801 	retlw	9
000E9: 0x3401            1802 	retlw	1
000EA: 0x3400            1803 	retlw	0
000EB: 0x343E            1804 	retlw	62
000EC: 0x3441            1805 	retlw	65
000ED: 0x3449            1806 	retlw	73
000EE: 0x3449            1807 	retlw	73
000EF: 0x347A            1808 	retlw	122
000F0: 0x3400            1809 	retlw	0
000F1: 0x347F            1810 	retlw	127
000F2: 0x3408            1811 	retlw	8
000F3: 0x3408            1812 	retlw	8
000F4: 0x3408            1813 	retlw	8
000F5: 0x347F            1814 	retlw	127
000F6: 0x3400            1815 	retlw	0
000F7: 0x3400            1816 	retlw	0
000F8: 0x3441            1817 	retlw	65
000F9: 0x347F            1818 	retlw	127
000FA: 0x3441            1819 	retlw	65
000FB: 0x3400            1820 	retlw	0
000FC: 0x3400            1821 	retlw	0
000FD: 0x3420            1822 	retlw	32
000FE: 0x3440            1823 	retlw	64
000FF: 0x3441            1824 	retlw	65
00100: 0x343F            1825 	retlw	63
00101: 0x3401            1826 	retlw	1
00102: 0x3400            1827 	retlw	0
00103: 0x347F            1828 	retlw	127
00104: 0x3408            1829 	retlw	8
00105: 0x3414            1830 	retlw	20
00106: 0x3422            1831 	retlw	34
00107: 0x3441            1832 	retlw	65
00108: 0x3400            1833 	retlw	0
00109: 0x347F            1834 	retlw	127
0010A: 0x3440            1835 	retlw	64
0010B: 0x3440            1836 	retlw	64
0010C: 0x3440            1837 	retlw	64
0010D: 0x3440            1838 	retlw	64
0010E: 0x3400            1839 	retlw	0
0010F: 0x347F            1840 	retlw	127
00110: 0x3402            1841 	retlw	2
00111: 0x340C            1842 	retlw	12
00112: 0x3402            1843 	retlw	2
00113: 0x347F            1844 	retlw	127
00114: 0x3400            1845 	retlw	0
00115: 0x347F            1846 	retlw	127
00116: 0x3404            1847 	retlw	4
00117: 0x3408            1848 	retlw	8
00118: 0x3410            1849 	retlw	16
00119: 0x347F            1850 	retlw	127
0011A: 0x3400            1851 	retlw	0
0011B: 0x343E            1852 	retlw	62
0011C: 0x3441            1853 	retlw	65
0011D: 0x3441            1854 	retlw	65
0011E: 0x3441            1855 	retlw	65
0011F: 0x343E            1856 	retlw	62
00120: 0x3400            1857 	retlw	0
00121: 0x347F            1858 	retlw	127
00122: 0x3409            1859 	retlw	9
00123: 0x3409            1860 	retlw	9
00124: 0x3409            1861 	retlw	9
00125: 0x3406            1862 	retlw	6
00126: 0x3400            1863 	retlw	0
00127: 0x343E            1864 	retlw	62
00128: 0x3441            1865 	retlw	65
00129: 0x3451            1866 	retlw	81
0012A: 0x3421            1867 	retlw	33
0012B: 0x345E            1868 	retlw	94
0012C: 0x3400            1869 	retlw	0
0012D: 0x347F            1870 	retlw	127
0012E: 0x3409            1871 	retlw	9
0012F: 0x3419            1872 	retlw	25
00130: 0x3429            1873 	retlw	41
00131: 0x3446            1874 	retlw	70
00132: 0x3400            1875 	retlw	0
00133: 0x3446            1876 	retlw	70
00134: 0x3449            1877 	retlw	73
00135: 0x3449            1878 	retlw	73
00136: 0x3449            1879 	retlw	73
00137: 0x3431            1880 	retlw	49
00138: 0x3400            1881 	retlw	0
00139: 0x3401            1882 	retlw	1
0013A: 0x3401            1883 	retlw	1
0013B: 0x347F            1884 	retlw	127
0013C: 0x3401            1885 	retlw	1
0013D: 0x3401            1886 	retlw	1
0013E: 0x3400            1887 	retlw	0
0013F: 0x343F            1888 	retlw	63
00140: 0x3440            1889 	retlw	64
00141: 0x3440            1890 	retlw	64
00142: 0x3440            1891 	retlw	64
00143: 0x343F            1892 	retlw	63
00144: 0x3400            1893 	retlw	0
00145: 0x341F            1894 	retlw	31
00146: 0x3420            1895 	retlw	32
00147: 0x3440            1896 	retlw	64
00148: 0x3420            1897 	retlw	32
00149: 0x341F            1898 	retlw	31
0014A: 0x3400            1899 	retlw	0
0014B: 0x343F            1900 	retlw	63
0014C: 0x3440            1901 	retlw	64
0014D: 0x3438            1902 	retlw	56
0014E: 0x3440            1903 	retlw	64
0014F: 0x343F            1904 	retlw	63
00150: 0x3400            1905 	retlw	0
00151: 0x3463            1906 	retlw	99
00152: 0x3414            1907 	retlw	20
00153: 0x3408            1908 	retlw	8
00154: 0x3414            1909 	retlw	20
00155: 0x3463            1910 	retlw	99
00156: 0x3400            1911 	retlw	0
00157: 0x3407            1912 	retlw	7
00158: 0x3408            1913 	retlw	8
00159: 0x3470            1914 	retlw	112
0015A: 0x3408            1915 	retlw	8
0015B: 0x3407            1916 	retlw	7
0015C: 0x3400            1917 	retlw	0
0015D: 0x3461            1918 	retlw	97
0015E: 0x3451            1919 	retlw	81
0015F: 0x3449            1920 	retlw	73
00160: 0x3445            1921 	retlw	69
00161: 0x3443            1922 	retlw	67
00162: 0x3400            1923 	retlw	0
00163: 0x3400            1924 	retlw	0
00164: 0x347F            1925 	retlw	127
00165: 0x3441            1926 	retlw	65
00166: 0x3441            1927 	retlw	65
00167: 0x3400            1928 	retlw	0
00168: 0x3400            1929 	retlw	0
00169: 0x3455            1930 	retlw	85
0016A: 0x342A            1931 	retlw	42
0016B: 0x3455            1932 	retlw	85
0016C: 0x342A            1933 	retlw	42
0016D: 0x3455            1934 	retlw	85
0016E: 0x3400            1935 	retlw	0
0016F: 0x3400            1936 	retlw	0
00170: 0x3441            1937 	retlw	65
00171: 0x3441            1938 	retlw	65
00172: 0x347F            1939 	retlw	127
00173: 0x3400            1940 	retlw	0
00174: 0x3400            1941 	retlw	0
00175: 0x3404            1942 	retlw	4
00176: 0x3402            1943 	retlw	2
00177: 0x3401            1944 	retlw	1
00178: 0x3402            1945 	retlw	2
00179: 0x3404            1946 	retlw	4
0017A: 0x3400            1947 	retlw	0
0017B: 0x3440            1948 	retlw	64
0017C: 0x3440            1949 	retlw	64
0017D: 0x3440            1950 	retlw	64
0017E: 0x3440            1951 	retlw	64
0017F: 0x3440            1952 	retlw	64
00180: 0x3400            1953 	retlw	0
00181: 0x3400            1954 	retlw	0
00182: 0x3401            1955 	retlw	1
00183: 0x3402            1956 	retlw	2
00184: 0x3404            1957 	retlw	4
00185: 0x3400            1958 	retlw	0
00186: 0x3400            1959 	retlw	0
00187: 0x3420            1960 	retlw	32
00188: 0x3454            1961 	retlw	84
00189: 0x3454            1962 	retlw	84
0018A: 0x3454            1963 	retlw	84
0018B: 0x3478            1964 	retlw	120
0018C: 0x3400            1965 	retlw	0
0018D: 0x347F            1966 	retlw	127
0018E: 0x3448            1967 	retlw	72
0018F: 0x3444            1968 	retlw	68
00190: 0x3444            1969 	retlw	68
00191: 0x3438            1970 	retlw	56
00192: 0x3400            1971 	retlw	0
00193: 0x3438            1972 	retlw	56
00194: 0x3444            1973 	retlw	68
00195: 0x3444            1974 	retlw	68
00196: 0x3444            1975 	retlw	68
00197: 0x3420            1976 	retlw	32
00198: 0x3400            1977 	retlw	0
00199: 0x3438            1978 	retlw	56
0019A: 0x3444            1979 	retlw	68
0019B: 0x3444            1980 	retlw	68
0019C: 0x3448            1981 	retlw	72
0019D: 0x347F            1982 	retlw	127
0019E: 0x3400            1983 	retlw	0
0019F: 0x3438            1984 	retlw	56
001A0: 0x3454            1985 	retlw	84
001A1: 0x3454            1986 	retlw	84
001A2: 0x3454            1987 	retlw	84
001A3: 0x3418            1988 	retlw	24
001A4: 0x3400            1989 	retlw	0
001A5: 0x3408            1990 	retlw	8
001A6: 0x347E            1991 	retlw	126
001A7: 0x3409            1992 	retlw	9
001A8: 0x3401            1993 	retlw	1
001A9: 0x3402            1994 	retlw	2
001AA: 0x3400            1995 	retlw	0
001AB: 0x3418            1996 	retlw	24
001AC: 0x34A4            1997 	retlw	164
001AD: 0x34A4            1998 	retlw	164
001AE: 0x34A4            1999 	retlw	164
001AF: 0x347C            2000 	retlw	124
001B0: 0x3400            2001 	retlw	0
001B1: 0x347F            2002 	retlw	127
001B2: 0x3408            2003 	retlw	8
001B3: 0x3404            2004 	retlw	4
001B4: 0x3404            2005 	retlw	4
001B5: 0x3478            2006 	retlw	120
001B6: 0x3400            2007 	retlw	0
001B7: 0x3400            2008 	retlw	0
001B8: 0x3444            2009 	retlw	68
001B9: 0x347D            2010 	retlw	125
001BA: 0x3440            2011 	retlw	64
001BB: 0x3400            2012 	retlw	0
001BC: 0x3400            2013 	retlw	0
001BD: 0x3440            2014 	retlw	64
001BE: 0x3480            2015 	retlw	128
001BF: 0x3484            2016 	retlw	132
001C0: 0x347D            2017 	retlw	125
001C1: 0x3400            2018 	retlw	0
001C2: 0x3400            2019 	retlw	0
001C3: 0x347F            2020 	retlw	127
001C4: 0x3410            2021 	retlw	16
001C5: 0x3428            2022 	retlw	40
001C6: 0x3444            2023 	retlw	68
001C7: 0x3400            2024 	retlw	0
001C8: 0x3400            2025 	retlw	0
001C9: 0x3400            2026 	retlw	0
001CA: 0x3441            2027 	retlw	65
001CB: 0x347F            2028 	retlw	127
001CC: 0x3440            2029 	retlw	64
001CD: 0x3400            2030 	retlw	0
001CE: 0x3400            2031 	retlw	0
001CF: 0x347C            2032 	retlw	124
001D0: 0x3404            2033 	retlw	4
001D1: 0x3418            2034 	retlw	24
001D2: 0x3404            2035 	retlw	4
001D3: 0x3478            2036 	retlw	120
001D4: 0x3400            2037 	retlw	0
001D5: 0x347C            2038 	retlw	124
001D6: 0x3408            2039 	retlw	8
001D7: 0x3404            2040 	retlw	4
001D8: 0x3404            2041 	retlw	4
001D9: 0x3478            2042 	retlw	120
001DA: 0x3400            2043 	retlw	0
001DB: 0x3438            2044 	retlw	56
001DC: 0x3444            2045 	retlw	68
001DD: 0x3444            2046 	retlw	68
001DE: 0x3444            2047 	retlw	68
001DF: 0x3438            2048 	retlw	56
001E0: 0x3400            2049 	retlw	0
001E1: 0x34FC            2050 	retlw	252
001E2: 0x3424            2051 	retlw	36
001E3: 0x3424            2052 	retlw	36
001E4: 0x3424            2053 	retlw	36
001E5: 0x3418            2054 	retlw	24
001E6: 0x3400            2055 	retlw	0
001E7: 0x3418            2056 	retlw	24
001E8: 0x3424            2057 	retlw	36
001E9: 0x3424            2058 	retlw	36
001EA: 0x3418            2059 	retlw	24
001EB: 0x34FC            2060 	retlw	252
001EC: 0x3400            2061 	retlw	0
001ED: 0x347C            2062 	retlw	124
001EE: 0x3408            2063 	retlw	8
001EF: 0x3404            2064 	retlw	4
001F0: 0x3404            2065 	retlw	4
001F1: 0x3408            2066 	retlw	8
001F2: 0x3400            2067 	retlw	0
001F3: 0x3448            2068 	retlw	72
001F4: 0x3454            2069 	retlw	84
001F5: 0x3454            2070 	retlw	84
001F6: 0x3454            2071 	retlw	84
001F7: 0x3420            2072 	retlw	32
001F8: 0x3400            2073 	retlw	0
001F9: 0x3404            2074 	retlw	4
001FA: 0x343F            2075 	retlw	63
001FB: 0x3444            2076 	retlw	68
001FC: 0x3440            2077 	retlw	64
001FD: 0x3420            2078 	retlw	32
001FE: 0x3400            2079 	retlw	0
001FF: 0x343C            2080 	retlw	60
00200: 0x3440            2081 	retlw	64
00201: 0x3440            2082 	retlw	64
00202: 0x3420            2083 	retlw	32
00203: 0x347C            2084 	retlw	124
00204: 0x3400            2085 	retlw	0
00205: 0x341C            2086 	retlw	28
00206: 0x3420            2087 	retlw	32
00207: 0x3440            2088 	retlw	64
00208: 0x3420            2089 	retlw	32
00209: 0x341C            2090 	retlw	28
0020A: 0x3400            2091 	retlw	0
0020B: 0x343C            2092 	retlw	60
0020C: 0x3440            2093 	retlw	64
0020D: 0x3430            2094 	retlw	48
0020E: 0x3440            2095 	retlw	64
0020F: 0x343C            2096 	retlw	60
00210: 0x3400            2097 	retlw	0
00211: 0x3444            2098 	retlw	68
00212: 0x3428            2099 	retlw	40
00213: 0x3410            2100 	retlw	16
00214: 0x3428            2101 	retlw	40
00215: 0x3444            2102 	retlw	68
00216: 0x3400            2103 	retlw	0
00217: 0x341C            2104 	retlw	28
00218: 0x34A0            2105 	retlw	160
00219: 0x34A0            2106 	retlw	160
0021A: 0x34A0            2107 	retlw	160
0021B: 0x347C            2108 	retlw	124
0021C: 0x3400            2109 	retlw	0
0021D: 0x3444            2110 	retlw	68
0021E: 0x3464            2111 	retlw	100
0021F: 0x3454            2112 	retlw	84
00220: 0x344C            2113 	retlw	76
00221: 0x3444            2114 	retlw	68
00222: 0x3414            2115 	retlw	20
00223: 0x3414            2116 	retlw	20
00224: 0x3414            2117 	retlw	20
00225: 0x3414            2118 	retlw	20
00226: 0x3414            2119 	retlw	20
00227: 0x3414            2120 	retlw	20
                         2121 
                         2122 	.end
